

<!DOCTYPE html>
<html>
<head>
<meta charset="UTF-8">
<meta name="viewport" content="width=device-width, initial-scale=1, shrink-to-fit=no">
<title></title>
<link rel="apple-touch-icon" href="https://cdn.jsdelivr.net/gh/extent-framework/extent-github-cdn@b00a2d0486596e73dd7326beacf352c639623a0e/commons/img/logo.png">
<link rel="shortcut icon" href="https://cdn.jsdelivr.net/gh/extent-framework/extent-github-cdn@b00a2d0486596e73dd7326beacf352c639623a0e/commons/img/logo.png">
<link href="https://cdn.jsdelivr.net/gh/extent-framework/extent-github-cdn@d6562a79075e061305ccfdb82f01e5e195e2d307/spark/css/spark-style.css" rel="stylesheet" />
<link href="https://stackpath.bootstrapcdn.com/font-awesome/4.7.0/css/font-awesome.min.css" rel="stylesheet">
<script src="https://cdn.jsdelivr.net/gh/extent-framework/extent-github-cdn@7cc78ce/spark/js/jsontree.js"></script>
<style type="text/css"></style></head><body class="spa bdd-report standard">
  <div class="app">
    <div class="layout">
<div class="header navbar">
<div class="vheader">
<div class="nav-logo">
<a href="#">
<div class="logo" style="background-image: url('https://cdn.jsdelivr.net/gh/extent-framework/extent-github-cdn@b00a2d0486596e73dd7326beacf352c639623a0e/commons/img/logo.png')"></div>
</a>
</div>
<ul class="nav-left">
<li class="search-box">
<a class="search-toggle" href="#">
<i class="search-icon fa fa-search"></i>
<i class="search-icon-close fa fa-close"></i>
</a>
</li>
<li class="search-input"><input id="search-tests" class="form-control" type="text" placeholder="Search..."></li>
</ul>
<ul class="nav-right">
<li class="m-r-10">
<a href="#"><span class="badge badge-primary"></span></a>
</li>
<li class="m-r-10">
<a href="#"><span class="badge badge-primary">Aug 21, 2023 04:21:11 PM</span></a>
</li>
</ul>
</div>
</div><div class="side-nav">
<div class="side-nav-inner">
<ul class="side-nav-menu">
<li class="nav-item dropdown" onclick="toggleView('test-view')">
<a id="nav-test" class="dropdown-toggle" href="#">
<span class="ico"><i class="fa fa-list"></i></span>
</a>
</li>
<li class="nav-item dropdown" onclick="toggleView('exception-view')">
<a id="nav-exception" class="dropdown-toggle" href="#">
<span class="ico"><i class="fa fa-bug"></i></span>
</a>
</li>
<li class="nav-item dropdown" onclick="toggleView('dashboard-view')">
<a id="nav-dashboard" class="dropdown-toggle" href="#">
<span class="ico"><i class="fa fa-bar-chart"></i></span>
</a>
</li>
</ul>
</div>
</div>      <div class="vcontainer">
        <div class="main-content">
<div class="test-wrapper row view test-view">
  <div class="test-list">
    <div class="test-list-tools">
<ul class="tools pull-left">
<li><a href="#"><span class="font-size-14">Tests</span></a></li>
</ul>
<ul class="tools text-right">
<li class="dropdown">
<a href="#" class="dropdown-toggle" data-toggle="dropdown"><i class="fa fa-exclamation-circle"></i></a>
<ul id="status-toggle" class="dropdown-menu dropdown-md p-v-0">
<a class="dropdown-item" status="fail" href="#"><span>Fail</span><span class="status danger"></span></a>
<div class="dropdown-divider"></div>
<a status="clear" class="dropdown-item" href="#"><span>Clear</span><span class="pull-right"><i class="fa fa-close"></i></span></a>
</ul>
</li>
</ul>
</div>    <div class="test-list-wrapper scrollable">
      <ul class="test-list-item">
        <li class="test-item"  status="fail" test-id="1"
          author=""
          tag=""
          device="">
          <div class="test-detail">
            <p class="name">Feature for Queue Validation</p>
            <p class="text-sm">
              <span>4:21:13 PM</span> / <span>00:00:54:301</span>
              <span class="badge fail-bg log float-right">Fail</span>
            </p>
          </div>
          <div class="test-contents d-none">
<div class="detail-head">
<div class="p-v-10">
<div class="info">
<h5 class="test-status text-fail">Feature for Queue Validation</h5>
<span class='badge badge-success'>08.21.2023 4:21:13 PM</span>
<span class='badge badge-danger'>08.21.2023 4:22:07 PM</span>
<span class='badge badge-default'>00:00:54:301</span>
&middot; <span class='uri-anchor badge badge-default'>#test-id=1</span>
<span class='badge badge-default pointer float-right ml-1 et'><i class="fa fa-chevron-down"></i></span>
<span class='badge badge-default pointer float-right ct'><i class="fa fa-chevron-up"></i></span>
</div>
<div class="m-t-10 m-l-5"> I want to use this template for my feature file</div>
</div>
</div>
<div class="accordion mt-4">
  <div class="card">
    <div class="card-header" role="tab">
      <div class="card-title">
        <div class="node" id="2"><span class="badge log pass-bg mr-2">Pass</span>User enters Queue Page</div>
      </div>
    </div>
        <div class="collapse">
          <div class="card-body">
              <div class="step pass-bg" title="defenitions.QueuePage.user_logged_in_homepage()">
                <span>Given User logged in homepage for Queue</span>
      <div>
      </div>
              </div>
              <div class="step pass-bg" title="defenitions.QueuePage.user_select_Queue_dropdown()">
                <span>When User select Queue from dropdown</span>
      <div>
      </div>
              </div>
              <div class="step pass-bg" title="defenitions.QueuePage.user_directed_to_Queue_page()">
                <span>Then User should be directed to Queue page</span>
      <div>
      </div>
              </div>
              <div class="step pass-bg" title="defenitions.QueuePage.Queue_is_displayed(java.lang.String)">
                <span>And "Queue" is displayed on Queue page</span>
      <div>
      </div>
              </div>
              <div class="step pass-bg" title="defenitions.QueuePage.user_checks_for_Topics_covered_Queue()">
                <span>And User checks for Topics covered in Queue page</span>
      <div>
      </div>
              </div>
          </div>
        </div>
  </div>
  <div class="card">
    <div class="card-header" role="tab">
      <div class="card-title">
        <div class="node" id="15"><span class="badge log fail-bg mr-2">Fail</span>TryEditor verification in each page for valid code</div>
          <div class="status-avatar float-right mr-4">
            <i class="fa fa-paperclip"></i>
          </div>
      </div>
    </div>
        <div class="scenario_outline ">
            <div class="card-body l1">
              <div class="card-header">
                <div class="card-title outline-child">
                  <div class="node" id="16"><span class="badge log fail-bg mr-2">Fail</span>TryEditor verification in each page for valid code</div>
                    <div class="status-avatar float-right">
                      <i class="fa fa-paperclip"></i>
                    </div>
                </div>
              </div>
              <div class="card-body mt-3 ">
                  <div class="step pass-bg">
                    <span>Given User is in Queue Page</span>
      <div>
      </div>
                  </div>
                  <div class="step fail-bg">
                    <span>When User clicks for options "Implementation of Queue in Python" in Queue page</span>
      <div>
        <textarea disabled class="code-block">org.openqa.selenium.NoSuchElementException: no such element: Unable to locate element: {"method":"xpath","selector":"//a[contains(text(),'Implementation of Queue in Python')]"}
  (Session info: chrome=115.0.5790.171)
For documentation on this error, please visit: https://www.selenium.dev/documentation/webdriver/troubleshooting/errors#no-such-element-exception
Build info: version: '4.10.0', revision: 'c14d967899'
System info: os.name: 'Windows 11', os.arch: 'amd64', os.version: '10.0', java.version: '20.0.1'
Driver info: org.openqa.selenium.chrome.ChromeDriver
Command: [8f13685f811168c39ddbe7113cfbf407, findElement {using=xpath, value=//a[contains(text(),'Implementation of Queue in Python')]}]
Capabilities {acceptInsecureCerts: false, browserName: chrome, browserVersion: 115.0.5790.171, chrome: {chromedriverVersion: 115.0.5790.102 (90efd4b0ad6..., userDataDir: C:\Users\rassa\AppData\Loca...}, goog:chromeOptions: {debuggerAddress: localhost:65034}, networkConnectionEnabled: false, pageLoadStrategy: normal, platformName: windows, proxy: Proxy(), se:cdp: ws://localhost:65034/devtoo..., se:cdpVersion: 115.0.5790.171, setWindowRect: true, strictFileInteractability: false, timeouts: {implicit: 0, pageLoad: 300000, script: 30000}, unhandledPromptBehavior: dismiss and notify, webauthn:extension:credBlob: true, webauthn:extension:largeBlob: true, webauthn:extension:minPinLength: true, webauthn:extension:prf: true, webauthn:virtualAuthenticators: true}
Session ID: 8f13685f811168c39ddbe7113cfbf407
	at java.base/jdk.internal.reflect.DirectConstructorHandleAccessor.newInstance(DirectConstructorHandleAccessor.java:67)
	at java.base/java.lang.reflect.Constructor.newInstanceWithCaller(Constructor.java:500)
	at java.base/java.lang.reflect.Constructor.newInstance(Constructor.java:484)
	at org.openqa.selenium.remote.codec.w3c.W3CHttpResponseCodec.createException(W3CHttpResponseCodec.java:199)
	at org.openqa.selenium.remote.codec.w3c.W3CHttpResponseCodec.decode(W3CHttpResponseCodec.java:132)
	at org.openqa.selenium.remote.codec.w3c.W3CHttpResponseCodec.decode(W3CHttpResponseCodec.java:51)
	at org.openqa.selenium.remote.HttpCommandExecutor.execute(HttpCommandExecutor.java:191)
	at org.openqa.selenium.remote.service.DriverCommandExecutor.invokeExecute(DriverCommandExecutor.java:196)
	at org.openqa.selenium.remote.service.DriverCommandExecutor.execute(DriverCommandExecutor.java:171)
	at org.openqa.selenium.remote.RemoteWebDriver.execute(RemoteWebDriver.java:531)
	at org.openqa.selenium.remote.ElementLocation$ElementFinder$2.findElement(ElementLocation.java:165)
	at org.openqa.selenium.remote.ElementLocation.findElement(ElementLocation.java:59)
	at org.openqa.selenium.remote.RemoteWebDriver.findElement(RemoteWebDriver.java:350)
	at org.openqa.selenium.remote.RemoteWebDriver.findElement(RemoteWebDriver.java:344)
	at pageObject.QueuePageObject.user_click_Queue(QueuePageObject.java:115)
	at defenitions.QueuePage.user_clicks_for_options_Queue(QueuePage.java:55)
	at ✽.User clicks for options "Implementation of Queue in Python" in Queue page(file:///C:/Manju/SDET/ds-algoproject/src/test/resources/features/Queue.feature:37)
</textarea>
      
      </div>
                  </div>
                  <div class="step pass-bg">
                    <span>defenitions.Hooks.takeScreenshot(io.cucumber.java.Scenario)</span>
      <div>User_clicks_for_options_"Implementation_of_Queue_in_Python"_in_Queue_page
          <div class="row mb-3"><div class="col-md-3">
<img data-featherlight='../Screenshots/embedded1.png' src="../Screenshots/embedded1.png">
    
    </div></div>
</div>
      <div>User_clicks_for_options_"Implementation_of_Queue_in_Python"_in_Queue_page
          <div class="row mb-3"><div class="col-md-3">
<img data-featherlight='../Screenshots/embedded2.png' src="../Screenshots/embedded2.png">
    
    </div></div>
</div>
      <div>
      </div>
                  </div>
                  <div class="step skip-bg">
                    <span>Then User lands in Topics "Implementation of Queue in Python" in Queue Page</span>
      <div>Step skipped
      </div>
                  </div>
                  <div class="step skip-bg">
                    <span>And Checks for links available in Queue page</span>
      <div>Step skipped
      </div>
                  </div>
                  <div class="step skip-bg">
                    <span>When User clicks on Try Here button in Queue page</span>
      <div>Step skipped
      </div>
                  </div>
                  <div class="step skip-bg">
                    <span>Then User navigates to a page having TryEditor and Run Button in Queue</span>
      <div>Step skipped
      </div>
                  </div>
                  <div class="step skip-bg">
                    <span>When User gets valid input from "inputs" and 1 to run a tryEditor code in Queue</span>
      <div>Step skipped
      </div>
                  </div>
                  <div class="step skip-bg">
                    <span>Then User is presented with run output in Queue</span>
      <div>Step skipped
      </div>
                  </div>
              </div>
            </div>
            <div class="card-body l1">
              <div class="card-header">
                <div class="card-title outline-child">
                  <div class="node" id="35"><span class="badge log fail-bg mr-2">Fail</span>TryEditor verification in each page for valid code</div>
                    <div class="status-avatar float-right">
                      <i class="fa fa-paperclip"></i>
                    </div>
                </div>
              </div>
              <div class="card-body mt-3 ">
                  <div class="step pass-bg">
                    <span>Given User is in Queue Page</span>
      <div>
      </div>
                  </div>
                  <div class="step fail-bg">
                    <span>When User clicks for options "Implementation using collections.deque" in Queue page</span>
      <div>
        <textarea disabled class="code-block">org.openqa.selenium.NoSuchElementException: no such element: Unable to locate element: {"method":"xpath","selector":"//a[contains(text(),'Implementation using collections.deque')]"}
  (Session info: chrome=115.0.5790.171)
For documentation on this error, please visit: https://www.selenium.dev/documentation/webdriver/troubleshooting/errors#no-such-element-exception
Build info: version: '4.10.0', revision: 'c14d967899'
System info: os.name: 'Windows 11', os.arch: 'amd64', os.version: '10.0', java.version: '20.0.1'
Driver info: org.openqa.selenium.chrome.ChromeDriver
Command: [d552316bce5544479d92b7fca4a72065, findElement {using=xpath, value=//a[contains(text(),'Implementation using collections.deque')]}]
Capabilities {acceptInsecureCerts: false, browserName: chrome, browserVersion: 115.0.5790.171, chrome: {chromedriverVersion: 115.0.5790.102 (90efd4b0ad6..., userDataDir: C:\Users\rassa\AppData\Loca...}, goog:chromeOptions: {debuggerAddress: localhost:65058}, networkConnectionEnabled: false, pageLoadStrategy: normal, platformName: windows, proxy: Proxy(), se:cdp: ws://localhost:65058/devtoo..., se:cdpVersion: 115.0.5790.171, setWindowRect: true, strictFileInteractability: false, timeouts: {implicit: 0, pageLoad: 300000, script: 30000}, unhandledPromptBehavior: dismiss and notify, webauthn:extension:credBlob: true, webauthn:extension:largeBlob: true, webauthn:extension:minPinLength: true, webauthn:extension:prf: true, webauthn:virtualAuthenticators: true}
Session ID: d552316bce5544479d92b7fca4a72065
	at java.base/jdk.internal.reflect.DirectConstructorHandleAccessor.newInstance(DirectConstructorHandleAccessor.java:67)
	at java.base/java.lang.reflect.Constructor.newInstanceWithCaller(Constructor.java:500)
	at java.base/java.lang.reflect.Constructor.newInstance(Constructor.java:484)
	at org.openqa.selenium.remote.codec.w3c.W3CHttpResponseCodec.createException(W3CHttpResponseCodec.java:199)
	at org.openqa.selenium.remote.codec.w3c.W3CHttpResponseCodec.decode(W3CHttpResponseCodec.java:132)
	at org.openqa.selenium.remote.codec.w3c.W3CHttpResponseCodec.decode(W3CHttpResponseCodec.java:51)
	at org.openqa.selenium.remote.HttpCommandExecutor.execute(HttpCommandExecutor.java:191)
	at org.openqa.selenium.remote.service.DriverCommandExecutor.invokeExecute(DriverCommandExecutor.java:196)
	at org.openqa.selenium.remote.service.DriverCommandExecutor.execute(DriverCommandExecutor.java:171)
	at org.openqa.selenium.remote.RemoteWebDriver.execute(RemoteWebDriver.java:531)
	at org.openqa.selenium.remote.ElementLocation$ElementFinder$2.findElement(ElementLocation.java:165)
	at org.openqa.selenium.remote.ElementLocation.findElement(ElementLocation.java:59)
	at org.openqa.selenium.remote.RemoteWebDriver.findElement(RemoteWebDriver.java:350)
	at org.openqa.selenium.remote.RemoteWebDriver.findElement(RemoteWebDriver.java:344)
	at pageObject.QueuePageObject.user_click_Queue(QueuePageObject.java:115)
	at defenitions.QueuePage.user_clicks_for_options_Queue(QueuePage.java:55)
	at ✽.User clicks for options "Implementation using collections.deque" in Queue page(file:///C:/Manju/SDET/ds-algoproject/src/test/resources/features/Queue.feature:37)
</textarea>
      
      </div>
                  </div>
                  <div class="step pass-bg">
                    <span>defenitions.Hooks.takeScreenshot(io.cucumber.java.Scenario)</span>
      <div>User_clicks_for_options_"Implementation_using_collections.deque"_in_Queue_page
          <div class="row mb-3"><div class="col-md-3">
<img data-featherlight='../Screenshots/embedded3.png' src="../Screenshots/embedded3.png">
    
    </div></div>
</div>
      <div>User_clicks_for_options_"Implementation_using_collections.deque"_in_Queue_page
          <div class="row mb-3"><div class="col-md-3">
<img data-featherlight='../Screenshots/embedded4.png' src="../Screenshots/embedded4.png">
    
    </div></div>
</div>
      <div>
      </div>
                  </div>
                  <div class="step skip-bg">
                    <span>Then User lands in Topics "Implementation using collections.deque" in Queue Page</span>
      <div>Step skipped
      </div>
                  </div>
                  <div class="step skip-bg">
                    <span>And Checks for links available in Queue page</span>
      <div>Step skipped
      </div>
                  </div>
                  <div class="step skip-bg">
                    <span>When User clicks on Try Here button in Queue page</span>
      <div>Step skipped
      </div>
                  </div>
                  <div class="step skip-bg">
                    <span>Then User navigates to a page having TryEditor and Run Button in Queue</span>
      <div>Step skipped
      </div>
                  </div>
                  <div class="step skip-bg">
                    <span>When User gets valid input from "inputs" and 1 to run a tryEditor code in Queue</span>
      <div>Step skipped
      </div>
                  </div>
                  <div class="step skip-bg">
                    <span>Then User is presented with run output in Queue</span>
      <div>Step skipped
      </div>
                  </div>
              </div>
            </div>
            <div class="card-body l1">
              <div class="card-header">
                <div class="card-title outline-child">
                  <div class="node" id="54"><span class="badge log fail-bg mr-2">Fail</span>TryEditor verification in each page for valid code</div>
                    <div class="status-avatar float-right">
                      <i class="fa fa-paperclip"></i>
                    </div>
                </div>
              </div>
              <div class="card-body mt-3 ">
                  <div class="step pass-bg">
                    <span>Given User is in Queue Page</span>
      <div>
      </div>
                  </div>
                  <div class="step fail-bg">
                    <span>When User clicks for options "Implementation using array" in Queue page</span>
      <div>
        <textarea disabled class="code-block">org.openqa.selenium.NoSuchElementException: no such element: Unable to locate element: {"method":"xpath","selector":"//a[contains(text(),'Implementation using array')]"}
  (Session info: chrome=115.0.5790.171)
For documentation on this error, please visit: https://www.selenium.dev/documentation/webdriver/troubleshooting/errors#no-such-element-exception
Build info: version: '4.10.0', revision: 'c14d967899'
System info: os.name: 'Windows 11', os.arch: 'amd64', os.version: '10.0', java.version: '20.0.1'
Driver info: org.openqa.selenium.chrome.ChromeDriver
Command: [ecc17856c731a2a53c4398fa11869c50, findElement {using=xpath, value=//a[contains(text(),'Implementation using array')]}]
Capabilities {acceptInsecureCerts: false, browserName: chrome, browserVersion: 115.0.5790.171, chrome: {chromedriverVersion: 115.0.5790.102 (90efd4b0ad6..., userDataDir: C:\Users\rassa\AppData\Loca...}, goog:chromeOptions: {debuggerAddress: localhost:65082}, networkConnectionEnabled: false, pageLoadStrategy: normal, platformName: windows, proxy: Proxy(), se:cdp: ws://localhost:65082/devtoo..., se:cdpVersion: 115.0.5790.171, setWindowRect: true, strictFileInteractability: false, timeouts: {implicit: 0, pageLoad: 300000, script: 30000}, unhandledPromptBehavior: dismiss and notify, webauthn:extension:credBlob: true, webauthn:extension:largeBlob: true, webauthn:extension:minPinLength: true, webauthn:extension:prf: true, webauthn:virtualAuthenticators: true}
Session ID: ecc17856c731a2a53c4398fa11869c50
	at java.base/jdk.internal.reflect.DirectConstructorHandleAccessor.newInstance(DirectConstructorHandleAccessor.java:67)
	at java.base/java.lang.reflect.Constructor.newInstanceWithCaller(Constructor.java:500)
	at java.base/java.lang.reflect.Constructor.newInstance(Constructor.java:484)
	at org.openqa.selenium.remote.codec.w3c.W3CHttpResponseCodec.createException(W3CHttpResponseCodec.java:199)
	at org.openqa.selenium.remote.codec.w3c.W3CHttpResponseCodec.decode(W3CHttpResponseCodec.java:132)
	at org.openqa.selenium.remote.codec.w3c.W3CHttpResponseCodec.decode(W3CHttpResponseCodec.java:51)
	at org.openqa.selenium.remote.HttpCommandExecutor.execute(HttpCommandExecutor.java:191)
	at org.openqa.selenium.remote.service.DriverCommandExecutor.invokeExecute(DriverCommandExecutor.java:196)
	at org.openqa.selenium.remote.service.DriverCommandExecutor.execute(DriverCommandExecutor.java:171)
	at org.openqa.selenium.remote.RemoteWebDriver.execute(RemoteWebDriver.java:531)
	at org.openqa.selenium.remote.ElementLocation$ElementFinder$2.findElement(ElementLocation.java:165)
	at org.openqa.selenium.remote.ElementLocation.findElement(ElementLocation.java:59)
	at org.openqa.selenium.remote.RemoteWebDriver.findElement(RemoteWebDriver.java:350)
	at org.openqa.selenium.remote.RemoteWebDriver.findElement(RemoteWebDriver.java:344)
	at pageObject.QueuePageObject.user_click_Queue(QueuePageObject.java:115)
	at defenitions.QueuePage.user_clicks_for_options_Queue(QueuePage.java:55)
	at ✽.User clicks for options "Implementation using array" in Queue page(file:///C:/Manju/SDET/ds-algoproject/src/test/resources/features/Queue.feature:37)
</textarea>
      
      </div>
                  </div>
                  <div class="step pass-bg">
                    <span>defenitions.Hooks.takeScreenshot(io.cucumber.java.Scenario)</span>
      <div>User_clicks_for_options_"Implementation_using_array"_in_Queue_page
          <div class="row mb-3"><div class="col-md-3">
<img data-featherlight='../Screenshots/embedded5.png' src="../Screenshots/embedded5.png">
    
    </div></div>
</div>
      <div>User_clicks_for_options_"Implementation_using_array"_in_Queue_page
          <div class="row mb-3"><div class="col-md-3">
<img data-featherlight='../Screenshots/embedded6.png' src="../Screenshots/embedded6.png">
    
    </div></div>
</div>
      <div>
      </div>
                  </div>
                  <div class="step skip-bg">
                    <span>Then User lands in Topics "Implementation using array" in Queue Page</span>
      <div>Step skipped
      </div>
                  </div>
                  <div class="step skip-bg">
                    <span>And Checks for links available in Queue page</span>
      <div>Step skipped
      </div>
                  </div>
                  <div class="step skip-bg">
                    <span>When User clicks on Try Here button in Queue page</span>
      <div>Step skipped
      </div>
                  </div>
                  <div class="step skip-bg">
                    <span>Then User navigates to a page having TryEditor and Run Button in Queue</span>
      <div>Step skipped
      </div>
                  </div>
                  <div class="step skip-bg">
                    <span>When User gets valid input from "inputs" and 1 to run a tryEditor code in Queue</span>
      <div>Step skipped
      </div>
                  </div>
                  <div class="step skip-bg">
                    <span>Then User is presented with run output in Queue</span>
      <div>Step skipped
      </div>
                  </div>
              </div>
            </div>
            <div class="card-body l1">
              <div class="card-header">
                <div class="card-title outline-child">
                  <div class="node" id="73"><span class="badge log fail-bg mr-2">Fail</span>TryEditor verification in each page for valid code</div>
                    <div class="status-avatar float-right">
                      <i class="fa fa-paperclip"></i>
                    </div>
                </div>
              </div>
              <div class="card-body mt-3 ">
                  <div class="step pass-bg">
                    <span>Given User is in Queue Page</span>
      <div>
      </div>
                  </div>
                  <div class="step fail-bg">
                    <span>When User clicks for options "Queue Operations" in Queue page</span>
      <div>
        <textarea disabled class="code-block">org.openqa.selenium.NoSuchElementException: no such element: Unable to locate element: {"method":"xpath","selector":"//a[contains(text(),'Queue Operations')]"}
  (Session info: chrome=115.0.5790.171)
For documentation on this error, please visit: https://www.selenium.dev/documentation/webdriver/troubleshooting/errors#no-such-element-exception
Build info: version: '4.10.0', revision: 'c14d967899'
System info: os.name: 'Windows 11', os.arch: 'amd64', os.version: '10.0', java.version: '20.0.1'
Driver info: org.openqa.selenium.chrome.ChromeDriver
Command: [c81a1d163b6db6509e1d5a1d039d5bf9, findElement {using=xpath, value=//a[contains(text(),'Queue Operations')]}]
Capabilities {acceptInsecureCerts: false, browserName: chrome, browserVersion: 115.0.5790.171, chrome: {chromedriverVersion: 115.0.5790.102 (90efd4b0ad6..., userDataDir: C:\Users\rassa\AppData\Loca...}, goog:chromeOptions: {debuggerAddress: localhost:65107}, networkConnectionEnabled: false, pageLoadStrategy: normal, platformName: windows, proxy: Proxy(), se:cdp: ws://localhost:65107/devtoo..., se:cdpVersion: 115.0.5790.171, setWindowRect: true, strictFileInteractability: false, timeouts: {implicit: 0, pageLoad: 300000, script: 30000}, unhandledPromptBehavior: dismiss and notify, webauthn:extension:credBlob: true, webauthn:extension:largeBlob: true, webauthn:extension:minPinLength: true, webauthn:extension:prf: true, webauthn:virtualAuthenticators: true}
Session ID: c81a1d163b6db6509e1d5a1d039d5bf9
	at java.base/jdk.internal.reflect.DirectConstructorHandleAccessor.newInstance(DirectConstructorHandleAccessor.java:67)
	at java.base/java.lang.reflect.Constructor.newInstanceWithCaller(Constructor.java:500)
	at java.base/java.lang.reflect.Constructor.newInstance(Constructor.java:484)
	at org.openqa.selenium.remote.codec.w3c.W3CHttpResponseCodec.createException(W3CHttpResponseCodec.java:199)
	at org.openqa.selenium.remote.codec.w3c.W3CHttpResponseCodec.decode(W3CHttpResponseCodec.java:132)
	at org.openqa.selenium.remote.codec.w3c.W3CHttpResponseCodec.decode(W3CHttpResponseCodec.java:51)
	at org.openqa.selenium.remote.HttpCommandExecutor.execute(HttpCommandExecutor.java:191)
	at org.openqa.selenium.remote.service.DriverCommandExecutor.invokeExecute(DriverCommandExecutor.java:196)
	at org.openqa.selenium.remote.service.DriverCommandExecutor.execute(DriverCommandExecutor.java:171)
	at org.openqa.selenium.remote.RemoteWebDriver.execute(RemoteWebDriver.java:531)
	at org.openqa.selenium.remote.ElementLocation$ElementFinder$2.findElement(ElementLocation.java:165)
	at org.openqa.selenium.remote.ElementLocation.findElement(ElementLocation.java:59)
	at org.openqa.selenium.remote.RemoteWebDriver.findElement(RemoteWebDriver.java:350)
	at org.openqa.selenium.remote.RemoteWebDriver.findElement(RemoteWebDriver.java:344)
	at pageObject.QueuePageObject.user_click_Queue(QueuePageObject.java:115)
	at defenitions.QueuePage.user_clicks_for_options_Queue(QueuePage.java:55)
	at ✽.User clicks for options "Queue Operations" in Queue page(file:///C:/Manju/SDET/ds-algoproject/src/test/resources/features/Queue.feature:37)
</textarea>
      
      </div>
                  </div>
                  <div class="step pass-bg">
                    <span>defenitions.Hooks.takeScreenshot(io.cucumber.java.Scenario)</span>
      <div>User_clicks_for_options_"Queue_Operations"_in_Queue_page
          <div class="row mb-3"><div class="col-md-3">
<img data-featherlight='../Screenshots/embedded7.png' src="../Screenshots/embedded7.png">
    
    </div></div>
</div>
      <div>User_clicks_for_options_"Queue_Operations"_in_Queue_page
          <div class="row mb-3"><div class="col-md-3">
<img data-featherlight='../Screenshots/embedded8.png' src="../Screenshots/embedded8.png">
    
    </div></div>
</div>
      <div>
      </div>
                  </div>
                  <div class="step skip-bg">
                    <span>Then User lands in Topics "Queue Operations" in Queue Page</span>
      <div>Step skipped
      </div>
                  </div>
                  <div class="step skip-bg">
                    <span>And Checks for links available in Queue page</span>
      <div>Step skipped
      </div>
                  </div>
                  <div class="step skip-bg">
                    <span>When User clicks on Try Here button in Queue page</span>
      <div>Step skipped
      </div>
                  </div>
                  <div class="step skip-bg">
                    <span>Then User navigates to a page having TryEditor and Run Button in Queue</span>
      <div>Step skipped
      </div>
                  </div>
                  <div class="step skip-bg">
                    <span>When User gets valid input from "inputs" and 1 to run a tryEditor code in Queue</span>
      <div>Step skipped
      </div>
                  </div>
                  <div class="step skip-bg">
                    <span>Then User is presented with run output in Queue</span>
      <div>Step skipped
      </div>
                  </div>
              </div>
            </div>
        </div>
  </div>
  <div class="card">
    <div class="card-header" role="tab">
      <div class="card-title">
        <div class="node" id="92"><span class="badge log fail-bg mr-2">Fail</span>TryEditor verification in each page for invalid code</div>
          <div class="status-avatar float-right mr-4">
            <i class="fa fa-paperclip"></i>
          </div>
      </div>
    </div>
        <div class="scenario_outline ">
            <div class="card-body l1">
              <div class="card-header">
                <div class="card-title outline-child">
                  <div class="node" id="93"><span class="badge log fail-bg mr-2">Fail</span>TryEditor verification in each page for invalid code</div>
                    <div class="status-avatar float-right">
                      <i class="fa fa-paperclip"></i>
                    </div>
                </div>
              </div>
              <div class="card-body mt-3 ">
                  <div class="step pass-bg">
                    <span>Given User is in Queue Page</span>
      <div>
      </div>
                  </div>
                  <div class="step fail-bg">
                    <span>When User clicks for options "Implementation of Queue in Python" in Queue page</span>
      <div>
        <textarea disabled class="code-block">org.openqa.selenium.NoSuchElementException: no such element: Unable to locate element: {"method":"xpath","selector":"//a[contains(text(),'Implementation of Queue in Python')]"}
  (Session info: chrome=115.0.5790.171)
For documentation on this error, please visit: https://www.selenium.dev/documentation/webdriver/troubleshooting/errors#no-such-element-exception
Build info: version: '4.10.0', revision: 'c14d967899'
System info: os.name: 'Windows 11', os.arch: 'amd64', os.version: '10.0', java.version: '20.0.1'
Driver info: org.openqa.selenium.chrome.ChromeDriver
Command: [4096af379fa159d4f88cad955bbf991d, findElement {using=xpath, value=//a[contains(text(),'Implementation of Queue in Python')]}]
Capabilities {acceptInsecureCerts: false, browserName: chrome, browserVersion: 115.0.5790.171, chrome: {chromedriverVersion: 115.0.5790.102 (90efd4b0ad6..., userDataDir: C:\Users\rassa\AppData\Loca...}, goog:chromeOptions: {debuggerAddress: localhost:65130}, networkConnectionEnabled: false, pageLoadStrategy: normal, platformName: windows, proxy: Proxy(), se:cdp: ws://localhost:65130/devtoo..., se:cdpVersion: 115.0.5790.171, setWindowRect: true, strictFileInteractability: false, timeouts: {implicit: 0, pageLoad: 300000, script: 30000}, unhandledPromptBehavior: dismiss and notify, webauthn:extension:credBlob: true, webauthn:extension:largeBlob: true, webauthn:extension:minPinLength: true, webauthn:extension:prf: true, webauthn:virtualAuthenticators: true}
Session ID: 4096af379fa159d4f88cad955bbf991d
	at java.base/jdk.internal.reflect.DirectConstructorHandleAccessor.newInstance(DirectConstructorHandleAccessor.java:67)
	at java.base/java.lang.reflect.Constructor.newInstanceWithCaller(Constructor.java:500)
	at java.base/java.lang.reflect.Constructor.newInstance(Constructor.java:484)
	at org.openqa.selenium.remote.codec.w3c.W3CHttpResponseCodec.createException(W3CHttpResponseCodec.java:199)
	at org.openqa.selenium.remote.codec.w3c.W3CHttpResponseCodec.decode(W3CHttpResponseCodec.java:132)
	at org.openqa.selenium.remote.codec.w3c.W3CHttpResponseCodec.decode(W3CHttpResponseCodec.java:51)
	at org.openqa.selenium.remote.HttpCommandExecutor.execute(HttpCommandExecutor.java:191)
	at org.openqa.selenium.remote.service.DriverCommandExecutor.invokeExecute(DriverCommandExecutor.java:196)
	at org.openqa.selenium.remote.service.DriverCommandExecutor.execute(DriverCommandExecutor.java:171)
	at org.openqa.selenium.remote.RemoteWebDriver.execute(RemoteWebDriver.java:531)
	at org.openqa.selenium.remote.ElementLocation$ElementFinder$2.findElement(ElementLocation.java:165)
	at org.openqa.selenium.remote.ElementLocation.findElement(ElementLocation.java:59)
	at org.openqa.selenium.remote.RemoteWebDriver.findElement(RemoteWebDriver.java:350)
	at org.openqa.selenium.remote.RemoteWebDriver.findElement(RemoteWebDriver.java:344)
	at pageObject.QueuePageObject.user_click_Queue(QueuePageObject.java:115)
	at defenitions.QueuePage.user_clicks_for_options_Queue(QueuePage.java:55)
	at ✽.User clicks for options "Implementation of Queue in Python" in Queue page(file:///C:/Manju/SDET/ds-algoproject/src/test/resources/features/Queue.feature:56)
</textarea>
      
      </div>
                  </div>
                  <div class="step pass-bg">
                    <span>defenitions.Hooks.takeScreenshot(io.cucumber.java.Scenario)</span>
      <div>User_clicks_for_options_"Implementation_of_Queue_in_Python"_in_Queue_page
          <div class="row mb-3"><div class="col-md-3">
<img data-featherlight='../Screenshots/embedded9.png' src="../Screenshots/embedded9.png">
    
    </div></div>
</div>
      <div>User_clicks_for_options_"Implementation_of_Queue_in_Python"_in_Queue_page
          <div class="row mb-3"><div class="col-md-3">
<img data-featherlight='../Screenshots/embedded10.png' src="../Screenshots/embedded10.png">
    
    </div></div>
</div>
      <div>
      </div>
                  </div>
                  <div class="step skip-bg">
                    <span>Then User lands in Topics "Implementation of Queue in Python" in Queue Page</span>
      <div>Step skipped
      </div>
                  </div>
                  <div class="step skip-bg">
                    <span>And Checks for links available in Queue page</span>
      <div>Step skipped
      </div>
                  </div>
                  <div class="step skip-bg">
                    <span>When User clicks on Try Here button in Queue page</span>
      <div>Step skipped
      </div>
                  </div>
                  <div class="step skip-bg">
                    <span>Then User navigates to a page having TryEditor and Run Button in Queue</span>
      <div>Step skipped
      </div>
                  </div>
                  <div class="step skip-bg">
                    <span>When User gets invalid input from "inputs" and 2 to run a tryEditor code in Queue</span>
      <div>Step skipped
      </div>
                  </div>
                  <div class="step skip-bg">
                    <span>Then User gets error message in Queue</span>
      <div>Step skipped
      </div>
                  </div>
              </div>
            </div>
            <div class="card-body l1">
              <div class="card-header">
                <div class="card-title outline-child">
                  <div class="node" id="112"><span class="badge log fail-bg mr-2">Fail</span>TryEditor verification in each page for invalid code</div>
                    <div class="status-avatar float-right">
                      <i class="fa fa-paperclip"></i>
                    </div>
                </div>
              </div>
              <div class="card-body mt-3 ">
                  <div class="step pass-bg">
                    <span>Given User is in Queue Page</span>
      <div>
      </div>
                  </div>
                  <div class="step fail-bg">
                    <span>When User clicks for options "Implementation using collections.deque" in Queue page</span>
      <div>
        <textarea disabled class="code-block">org.openqa.selenium.NoSuchElementException: no such element: Unable to locate element: {"method":"xpath","selector":"//a[contains(text(),'Implementation using collections.deque')]"}
  (Session info: chrome=115.0.5790.171)
For documentation on this error, please visit: https://www.selenium.dev/documentation/webdriver/troubleshooting/errors#no-such-element-exception
Build info: version: '4.10.0', revision: 'c14d967899'
System info: os.name: 'Windows 11', os.arch: 'amd64', os.version: '10.0', java.version: '20.0.1'
Driver info: org.openqa.selenium.chrome.ChromeDriver
Command: [a5e0875e29a5e43d9baa78b8da131cd5, findElement {using=xpath, value=//a[contains(text(),'Implementation using collections.deque')]}]
Capabilities {acceptInsecureCerts: false, browserName: chrome, browserVersion: 115.0.5790.171, chrome: {chromedriverVersion: 115.0.5790.102 (90efd4b0ad6..., userDataDir: C:\Users\rassa\AppData\Loca...}, goog:chromeOptions: {debuggerAddress: localhost:65153}, networkConnectionEnabled: false, pageLoadStrategy: normal, platformName: windows, proxy: Proxy(), se:cdp: ws://localhost:65153/devtoo..., se:cdpVersion: 115.0.5790.171, setWindowRect: true, strictFileInteractability: false, timeouts: {implicit: 0, pageLoad: 300000, script: 30000}, unhandledPromptBehavior: dismiss and notify, webauthn:extension:credBlob: true, webauthn:extension:largeBlob: true, webauthn:extension:minPinLength: true, webauthn:extension:prf: true, webauthn:virtualAuthenticators: true}
Session ID: a5e0875e29a5e43d9baa78b8da131cd5
	at java.base/jdk.internal.reflect.DirectConstructorHandleAccessor.newInstance(DirectConstructorHandleAccessor.java:67)
	at java.base/java.lang.reflect.Constructor.newInstanceWithCaller(Constructor.java:500)
	at java.base/java.lang.reflect.Constructor.newInstance(Constructor.java:484)
	at org.openqa.selenium.remote.codec.w3c.W3CHttpResponseCodec.createException(W3CHttpResponseCodec.java:199)
	at org.openqa.selenium.remote.codec.w3c.W3CHttpResponseCodec.decode(W3CHttpResponseCodec.java:132)
	at org.openqa.selenium.remote.codec.w3c.W3CHttpResponseCodec.decode(W3CHttpResponseCodec.java:51)
	at org.openqa.selenium.remote.HttpCommandExecutor.execute(HttpCommandExecutor.java:191)
	at org.openqa.selenium.remote.service.DriverCommandExecutor.invokeExecute(DriverCommandExecutor.java:196)
	at org.openqa.selenium.remote.service.DriverCommandExecutor.execute(DriverCommandExecutor.java:171)
	at org.openqa.selenium.remote.RemoteWebDriver.execute(RemoteWebDriver.java:531)
	at org.openqa.selenium.remote.ElementLocation$ElementFinder$2.findElement(ElementLocation.java:165)
	at org.openqa.selenium.remote.ElementLocation.findElement(ElementLocation.java:59)
	at org.openqa.selenium.remote.RemoteWebDriver.findElement(RemoteWebDriver.java:350)
	at org.openqa.selenium.remote.RemoteWebDriver.findElement(RemoteWebDriver.java:344)
	at pageObject.QueuePageObject.user_click_Queue(QueuePageObject.java:115)
	at defenitions.QueuePage.user_clicks_for_options_Queue(QueuePage.java:55)
	at ✽.User clicks for options "Implementation using collections.deque" in Queue page(file:///C:/Manju/SDET/ds-algoproject/src/test/resources/features/Queue.feature:56)
</textarea>
      
      </div>
                  </div>
                  <div class="step pass-bg">
                    <span>defenitions.Hooks.takeScreenshot(io.cucumber.java.Scenario)</span>
      <div>User_clicks_for_options_"Implementation_using_collections.deque"_in_Queue_page
          <div class="row mb-3"><div class="col-md-3">
<img data-featherlight='../Screenshots/embedded11.png' src="../Screenshots/embedded11.png">
    
    </div></div>
</div>
      <div>User_clicks_for_options_"Implementation_using_collections.deque"_in_Queue_page
          <div class="row mb-3"><div class="col-md-3">
<img data-featherlight='../Screenshots/embedded12.png' src="../Screenshots/embedded12.png">
    
    </div></div>
</div>
      <div>
      </div>
                  </div>
                  <div class="step skip-bg">
                    <span>Then User lands in Topics "Implementation using collections.deque" in Queue Page</span>
      <div>Step skipped
      </div>
                  </div>
                  <div class="step skip-bg">
                    <span>And Checks for links available in Queue page</span>
      <div>Step skipped
      </div>
                  </div>
                  <div class="step skip-bg">
                    <span>When User clicks on Try Here button in Queue page</span>
      <div>Step skipped
      </div>
                  </div>
                  <div class="step skip-bg">
                    <span>Then User navigates to a page having TryEditor and Run Button in Queue</span>
      <div>Step skipped
      </div>
                  </div>
                  <div class="step skip-bg">
                    <span>When User gets invalid input from "inputs" and 2 to run a tryEditor code in Queue</span>
      <div>Step skipped
      </div>
                  </div>
                  <div class="step skip-bg">
                    <span>Then User gets error message in Queue</span>
      <div>Step skipped
      </div>
                  </div>
              </div>
            </div>
            <div class="card-body l1">
              <div class="card-header">
                <div class="card-title outline-child">
                  <div class="node" id="131"><span class="badge log fail-bg mr-2">Fail</span>TryEditor verification in each page for invalid code</div>
                    <div class="status-avatar float-right">
                      <i class="fa fa-paperclip"></i>
                    </div>
                </div>
              </div>
              <div class="card-body mt-3 ">
                  <div class="step pass-bg">
                    <span>Given User is in Queue Page</span>
      <div>
      </div>
                  </div>
                  <div class="step fail-bg">
                    <span>When User clicks for options "Implementation using array" in Queue page</span>
      <div>
        <textarea disabled class="code-block">org.openqa.selenium.NoSuchElementException: no such element: Unable to locate element: {"method":"xpath","selector":"//a[contains(text(),'Implementation using array')]"}
  (Session info: chrome=115.0.5790.171)
For documentation on this error, please visit: https://www.selenium.dev/documentation/webdriver/troubleshooting/errors#no-such-element-exception
Build info: version: '4.10.0', revision: 'c14d967899'
System info: os.name: 'Windows 11', os.arch: 'amd64', os.version: '10.0', java.version: '20.0.1'
Driver info: org.openqa.selenium.chrome.ChromeDriver
Command: [485af6a2088b711ffeba3cd7ebcbb095, findElement {using=xpath, value=//a[contains(text(),'Implementation using array')]}]
Capabilities {acceptInsecureCerts: false, browserName: chrome, browserVersion: 115.0.5790.171, chrome: {chromedriverVersion: 115.0.5790.102 (90efd4b0ad6..., userDataDir: C:\Users\rassa\AppData\Loca...}, goog:chromeOptions: {debuggerAddress: localhost:65176}, networkConnectionEnabled: false, pageLoadStrategy: normal, platformName: windows, proxy: Proxy(), se:cdp: ws://localhost:65176/devtoo..., se:cdpVersion: 115.0.5790.171, setWindowRect: true, strictFileInteractability: false, timeouts: {implicit: 0, pageLoad: 300000, script: 30000}, unhandledPromptBehavior: dismiss and notify, webauthn:extension:credBlob: true, webauthn:extension:largeBlob: true, webauthn:extension:minPinLength: true, webauthn:extension:prf: true, webauthn:virtualAuthenticators: true}
Session ID: 485af6a2088b711ffeba3cd7ebcbb095
	at java.base/jdk.internal.reflect.DirectConstructorHandleAccessor.newInstance(DirectConstructorHandleAccessor.java:67)
	at java.base/java.lang.reflect.Constructor.newInstanceWithCaller(Constructor.java:500)
	at java.base/java.lang.reflect.Constructor.newInstance(Constructor.java:484)
	at org.openqa.selenium.remote.codec.w3c.W3CHttpResponseCodec.createException(W3CHttpResponseCodec.java:199)
	at org.openqa.selenium.remote.codec.w3c.W3CHttpResponseCodec.decode(W3CHttpResponseCodec.java:132)
	at org.openqa.selenium.remote.codec.w3c.W3CHttpResponseCodec.decode(W3CHttpResponseCodec.java:51)
	at org.openqa.selenium.remote.HttpCommandExecutor.execute(HttpCommandExecutor.java:191)
	at org.openqa.selenium.remote.service.DriverCommandExecutor.invokeExecute(DriverCommandExecutor.java:196)
	at org.openqa.selenium.remote.service.DriverCommandExecutor.execute(DriverCommandExecutor.java:171)
	at org.openqa.selenium.remote.RemoteWebDriver.execute(RemoteWebDriver.java:531)
	at org.openqa.selenium.remote.ElementLocation$ElementFinder$2.findElement(ElementLocation.java:165)
	at org.openqa.selenium.remote.ElementLocation.findElement(ElementLocation.java:59)
	at org.openqa.selenium.remote.RemoteWebDriver.findElement(RemoteWebDriver.java:350)
	at org.openqa.selenium.remote.RemoteWebDriver.findElement(RemoteWebDriver.java:344)
	at pageObject.QueuePageObject.user_click_Queue(QueuePageObject.java:115)
	at defenitions.QueuePage.user_clicks_for_options_Queue(QueuePage.java:55)
	at ✽.User clicks for options "Implementation using array" in Queue page(file:///C:/Manju/SDET/ds-algoproject/src/test/resources/features/Queue.feature:56)
</textarea>
      
      </div>
                  </div>
                  <div class="step pass-bg">
                    <span>defenitions.Hooks.takeScreenshot(io.cucumber.java.Scenario)</span>
      <div>User_clicks_for_options_"Implementation_using_array"_in_Queue_page
          <div class="row mb-3"><div class="col-md-3">
<img data-featherlight='../Screenshots/embedded13.png' src="../Screenshots/embedded13.png">
    
    </div></div>
</div>
      <div>User_clicks_for_options_"Implementation_using_array"_in_Queue_page
          <div class="row mb-3"><div class="col-md-3">
<img data-featherlight='../Screenshots/embedded14.png' src="../Screenshots/embedded14.png">
    
    </div></div>
</div>
      <div>
      </div>
                  </div>
                  <div class="step skip-bg">
                    <span>Then User lands in Topics "Implementation using array" in Queue Page</span>
      <div>Step skipped
      </div>
                  </div>
                  <div class="step skip-bg">
                    <span>And Checks for links available in Queue page</span>
      <div>Step skipped
      </div>
                  </div>
                  <div class="step skip-bg">
                    <span>When User clicks on Try Here button in Queue page</span>
      <div>Step skipped
      </div>
                  </div>
                  <div class="step skip-bg">
                    <span>Then User navigates to a page having TryEditor and Run Button in Queue</span>
      <div>Step skipped
      </div>
                  </div>
                  <div class="step skip-bg">
                    <span>When User gets invalid input from "inputs" and 2 to run a tryEditor code in Queue</span>
      <div>Step skipped
      </div>
                  </div>
                  <div class="step skip-bg">
                    <span>Then User gets error message in Queue</span>
      <div>Step skipped
      </div>
                  </div>
              </div>
            </div>
            <div class="card-body l1">
              <div class="card-header">
                <div class="card-title outline-child">
                  <div class="node" id="150"><span class="badge log fail-bg mr-2">Fail</span>TryEditor verification in each page for invalid code</div>
                    <div class="status-avatar float-right">
                      <i class="fa fa-paperclip"></i>
                    </div>
                </div>
              </div>
              <div class="card-body mt-3 ">
                  <div class="step pass-bg">
                    <span>Given User is in Queue Page</span>
      <div>
      </div>
                  </div>
                  <div class="step fail-bg">
                    <span>When User clicks for options "Queue Operations" in Queue page</span>
      <div>
        <textarea disabled class="code-block">org.openqa.selenium.NoSuchElementException: no such element: Unable to locate element: {"method":"xpath","selector":"//a[contains(text(),'Queue Operations')]"}
  (Session info: chrome=115.0.5790.171)
For documentation on this error, please visit: https://www.selenium.dev/documentation/webdriver/troubleshooting/errors#no-such-element-exception
Build info: version: '4.10.0', revision: 'c14d967899'
System info: os.name: 'Windows 11', os.arch: 'amd64', os.version: '10.0', java.version: '20.0.1'
Driver info: org.openqa.selenium.chrome.ChromeDriver
Command: [156d09cd833c7f32f99c33377c03861d, findElement {using=xpath, value=//a[contains(text(),'Queue Operations')]}]
Capabilities {acceptInsecureCerts: false, browserName: chrome, browserVersion: 115.0.5790.171, chrome: {chromedriverVersion: 115.0.5790.102 (90efd4b0ad6..., userDataDir: C:\Users\rassa\AppData\Loca...}, goog:chromeOptions: {debuggerAddress: localhost:65199}, networkConnectionEnabled: false, pageLoadStrategy: normal, platformName: windows, proxy: Proxy(), se:cdp: ws://localhost:65199/devtoo..., se:cdpVersion: 115.0.5790.171, setWindowRect: true, strictFileInteractability: false, timeouts: {implicit: 0, pageLoad: 300000, script: 30000}, unhandledPromptBehavior: dismiss and notify, webauthn:extension:credBlob: true, webauthn:extension:largeBlob: true, webauthn:extension:minPinLength: true, webauthn:extension:prf: true, webauthn:virtualAuthenticators: true}
Session ID: 156d09cd833c7f32f99c33377c03861d
	at java.base/jdk.internal.reflect.DirectConstructorHandleAccessor.newInstance(DirectConstructorHandleAccessor.java:67)
	at java.base/java.lang.reflect.Constructor.newInstanceWithCaller(Constructor.java:500)
	at java.base/java.lang.reflect.Constructor.newInstance(Constructor.java:484)
	at org.openqa.selenium.remote.codec.w3c.W3CHttpResponseCodec.createException(W3CHttpResponseCodec.java:199)
	at org.openqa.selenium.remote.codec.w3c.W3CHttpResponseCodec.decode(W3CHttpResponseCodec.java:132)
	at org.openqa.selenium.remote.codec.w3c.W3CHttpResponseCodec.decode(W3CHttpResponseCodec.java:51)
	at org.openqa.selenium.remote.HttpCommandExecutor.execute(HttpCommandExecutor.java:191)
	at org.openqa.selenium.remote.service.DriverCommandExecutor.invokeExecute(DriverCommandExecutor.java:196)
	at org.openqa.selenium.remote.service.DriverCommandExecutor.execute(DriverCommandExecutor.java:171)
	at org.openqa.selenium.remote.RemoteWebDriver.execute(RemoteWebDriver.java:531)
	at org.openqa.selenium.remote.ElementLocation$ElementFinder$2.findElement(ElementLocation.java:165)
	at org.openqa.selenium.remote.ElementLocation.findElement(ElementLocation.java:59)
	at org.openqa.selenium.remote.RemoteWebDriver.findElement(RemoteWebDriver.java:350)
	at org.openqa.selenium.remote.RemoteWebDriver.findElement(RemoteWebDriver.java:344)
	at pageObject.QueuePageObject.user_click_Queue(QueuePageObject.java:115)
	at defenitions.QueuePage.user_clicks_for_options_Queue(QueuePage.java:55)
	at ✽.User clicks for options "Queue Operations" in Queue page(file:///C:/Manju/SDET/ds-algoproject/src/test/resources/features/Queue.feature:56)
</textarea>
      
      </div>
                  </div>
                  <div class="step pass-bg">
                    <span>defenitions.Hooks.takeScreenshot(io.cucumber.java.Scenario)</span>
      <div>User_clicks_for_options_"Queue_Operations"_in_Queue_page
          <div class="row mb-3"><div class="col-md-3">
<img data-featherlight='../Screenshots/embedded15.png' src="../Screenshots/embedded15.png">
    
    </div></div>
</div>
      <div>User_clicks_for_options_"Queue_Operations"_in_Queue_page
          <div class="row mb-3"><div class="col-md-3">
<img data-featherlight='../Screenshots/embedded16.png' src="../Screenshots/embedded16.png">
    
    </div></div>
</div>
      <div>
      </div>
                  </div>
                  <div class="step skip-bg">
                    <span>Then User lands in Topics "Queue Operations" in Queue Page</span>
      <div>Step skipped
      </div>
                  </div>
                  <div class="step skip-bg">
                    <span>And Checks for links available in Queue page</span>
      <div>Step skipped
      </div>
                  </div>
                  <div class="step skip-bg">
                    <span>When User clicks on Try Here button in Queue page</span>
      <div>Step skipped
      </div>
                  </div>
                  <div class="step skip-bg">
                    <span>Then User navigates to a page having TryEditor and Run Button in Queue</span>
      <div>Step skipped
      </div>
                  </div>
                  <div class="step skip-bg">
                    <span>When User gets invalid input from "inputs" and 2 to run a tryEditor code in Queue</span>
      <div>Step skipped
      </div>
                  </div>
                  <div class="step skip-bg">
                    <span>Then User gets error message in Queue</span>
      <div>Step skipped
      </div>
                  </div>
              </div>
            </div>
        </div>
  </div>
  <div class="card">
    <div class="card-header" role="tab">
      <div class="card-title">
        <div class="node" id="169"><span class="badge log fail-bg mr-2">Fail</span>TryEditor in each links for valid code</div>
          <div class="status-avatar float-right mr-4">
            <i class="fa fa-paperclip"></i>
          </div>
      </div>
    </div>
        <div class="scenario_outline ">
            <div class="card-body l1">
              <div class="card-header">
                <div class="card-title outline-child">
                  <div class="node" id="170"><span class="badge log fail-bg mr-2">Fail</span>TryEditor in each links for valid code</div>
                    <div class="status-avatar float-right">
                      <i class="fa fa-paperclip"></i>
                    </div>
                </div>
              </div>
              <div class="card-body mt-3 ">
                  <div class="step pass-bg">
                    <span>Given User is in Queue Page</span>
      <div>
      </div>
                  </div>
                  <div class="step fail-bg">
                    <span>When User clicks for options "Implementation of Queue in Python" in Queue page</span>
      <div>
        <textarea disabled class="code-block">org.openqa.selenium.NoSuchElementException: no such element: Unable to locate element: {"method":"xpath","selector":"//a[contains(text(),'Implementation of Queue in Python')]"}
  (Session info: chrome=115.0.5790.171)
For documentation on this error, please visit: https://www.selenium.dev/documentation/webdriver/troubleshooting/errors#no-such-element-exception
Build info: version: '4.10.0', revision: 'c14d967899'
System info: os.name: 'Windows 11', os.arch: 'amd64', os.version: '10.0', java.version: '20.0.1'
Driver info: org.openqa.selenium.chrome.ChromeDriver
Command: [06932bafcc192abe93bf46a1d4b2fd38, findElement {using=xpath, value=//a[contains(text(),'Implementation of Queue in Python')]}]
Capabilities {acceptInsecureCerts: false, browserName: chrome, browserVersion: 115.0.5790.171, chrome: {chromedriverVersion: 115.0.5790.102 (90efd4b0ad6..., userDataDir: C:\Users\rassa\AppData\Loca...}, goog:chromeOptions: {debuggerAddress: localhost:65222}, networkConnectionEnabled: false, pageLoadStrategy: normal, platformName: windows, proxy: Proxy(), se:cdp: ws://localhost:65222/devtoo..., se:cdpVersion: 115.0.5790.171, setWindowRect: true, strictFileInteractability: false, timeouts: {implicit: 0, pageLoad: 300000, script: 30000}, unhandledPromptBehavior: dismiss and notify, webauthn:extension:credBlob: true, webauthn:extension:largeBlob: true, webauthn:extension:minPinLength: true, webauthn:extension:prf: true, webauthn:virtualAuthenticators: true}
Session ID: 06932bafcc192abe93bf46a1d4b2fd38
	at java.base/jdk.internal.reflect.DirectConstructorHandleAccessor.newInstance(DirectConstructorHandleAccessor.java:67)
	at java.base/java.lang.reflect.Constructor.newInstanceWithCaller(Constructor.java:500)
	at java.base/java.lang.reflect.Constructor.newInstance(Constructor.java:484)
	at org.openqa.selenium.remote.codec.w3c.W3CHttpResponseCodec.createException(W3CHttpResponseCodec.java:199)
	at org.openqa.selenium.remote.codec.w3c.W3CHttpResponseCodec.decode(W3CHttpResponseCodec.java:132)
	at org.openqa.selenium.remote.codec.w3c.W3CHttpResponseCodec.decode(W3CHttpResponseCodec.java:51)
	at org.openqa.selenium.remote.HttpCommandExecutor.execute(HttpCommandExecutor.java:191)
	at org.openqa.selenium.remote.service.DriverCommandExecutor.invokeExecute(DriverCommandExecutor.java:196)
	at org.openqa.selenium.remote.service.DriverCommandExecutor.execute(DriverCommandExecutor.java:171)
	at org.openqa.selenium.remote.RemoteWebDriver.execute(RemoteWebDriver.java:531)
	at org.openqa.selenium.remote.ElementLocation$ElementFinder$2.findElement(ElementLocation.java:165)
	at org.openqa.selenium.remote.ElementLocation.findElement(ElementLocation.java:59)
	at org.openqa.selenium.remote.RemoteWebDriver.findElement(RemoteWebDriver.java:350)
	at org.openqa.selenium.remote.RemoteWebDriver.findElement(RemoteWebDriver.java:344)
	at pageObject.QueuePageObject.user_click_Queue(QueuePageObject.java:115)
	at defenitions.QueuePage.user_clicks_for_options_Queue(QueuePage.java:55)
	at ✽.User clicks for options "Implementation of Queue in Python" in Queue page(file:///C:/Manju/SDET/ds-algoproject/src/test/resources/features/Queue.feature:74)
</textarea>
      
      </div>
                  </div>
                  <div class="step pass-bg">
                    <span>defenitions.Hooks.takeScreenshot(io.cucumber.java.Scenario)</span>
      <div>User_clicks_for_options_"Implementation_of_Queue_in_Python"_in_Queue_page
          <div class="row mb-3"><div class="col-md-3">
<img data-featherlight='../Screenshots/embedded17.png' src="../Screenshots/embedded17.png">
    
    </div></div>
</div>
      <div>User_clicks_for_options_"Implementation_of_Queue_in_Python"_in_Queue_page
          <div class="row mb-3"><div class="col-md-3">
<img data-featherlight='../Screenshots/embedded18.png' src="../Screenshots/embedded18.png">
    
    </div></div>
</div>
      <div>
      </div>
                  </div>
                  <div class="step skip-bg">
                    <span>And User clicks on link "Implementation using collections.deque" in the Queue page</span>
      <div>Step skipped
      </div>
                  </div>
                  <div class="step skip-bg">
                    <span>When User clicks on Try Here button in Queue page</span>
      <div>Step skipped
      </div>
                  </div>
                  <div class="step skip-bg">
                    <span>Then User navigates to a page having TryEditor and Run Button in Queue</span>
      <div>Step skipped
      </div>
                  </div>
                  <div class="step skip-bg">
                    <span>When User gets valid input from "inputs" and 1 to run a tryEditor code in Queue</span>
      <div>Step skipped
      </div>
                  </div>
                  <div class="step skip-bg">
                    <span>Then User is presented with run output in Queue</span>
      <div>Step skipped
      </div>
                  </div>
              </div>
            </div>
            <div class="card-body l1">
              <div class="card-header">
                <div class="card-title outline-child">
                  <div class="node" id="187"><span class="badge log fail-bg mr-2">Fail</span>TryEditor in each links for valid code</div>
                    <div class="status-avatar float-right">
                      <i class="fa fa-paperclip"></i>
                    </div>
                </div>
              </div>
              <div class="card-body mt-3 ">
                  <div class="step pass-bg">
                    <span>Given User is in Queue Page</span>
      <div>
      </div>
                  </div>
                  <div class="step fail-bg">
                    <span>When User clicks for options "Implementation using collections.deque" in Queue page</span>
      <div>
        <textarea disabled class="code-block">org.openqa.selenium.NoSuchElementException: no such element: Unable to locate element: {"method":"xpath","selector":"//a[contains(text(),'Implementation using collections.deque')]"}
  (Session info: chrome=115.0.5790.171)
For documentation on this error, please visit: https://www.selenium.dev/documentation/webdriver/troubleshooting/errors#no-such-element-exception
Build info: version: '4.10.0', revision: 'c14d967899'
System info: os.name: 'Windows 11', os.arch: 'amd64', os.version: '10.0', java.version: '20.0.1'
Driver info: org.openqa.selenium.chrome.ChromeDriver
Command: [11a92ba3d9d78254f6cf819ae6d26307, findElement {using=xpath, value=//a[contains(text(),'Implementation using collections.deque')]}]
Capabilities {acceptInsecureCerts: false, browserName: chrome, browserVersion: 115.0.5790.171, chrome: {chromedriverVersion: 115.0.5790.102 (90efd4b0ad6..., userDataDir: C:\Users\rassa\AppData\Loca...}, goog:chromeOptions: {debuggerAddress: localhost:65245}, networkConnectionEnabled: false, pageLoadStrategy: normal, platformName: windows, proxy: Proxy(), se:cdp: ws://localhost:65245/devtoo..., se:cdpVersion: 115.0.5790.171, setWindowRect: true, strictFileInteractability: false, timeouts: {implicit: 0, pageLoad: 300000, script: 30000}, unhandledPromptBehavior: dismiss and notify, webauthn:extension:credBlob: true, webauthn:extension:largeBlob: true, webauthn:extension:minPinLength: true, webauthn:extension:prf: true, webauthn:virtualAuthenticators: true}
Session ID: 11a92ba3d9d78254f6cf819ae6d26307
	at java.base/jdk.internal.reflect.DirectConstructorHandleAccessor.newInstance(DirectConstructorHandleAccessor.java:67)
	at java.base/java.lang.reflect.Constructor.newInstanceWithCaller(Constructor.java:500)
	at java.base/java.lang.reflect.Constructor.newInstance(Constructor.java:484)
	at org.openqa.selenium.remote.codec.w3c.W3CHttpResponseCodec.createException(W3CHttpResponseCodec.java:199)
	at org.openqa.selenium.remote.codec.w3c.W3CHttpResponseCodec.decode(W3CHttpResponseCodec.java:132)
	at org.openqa.selenium.remote.codec.w3c.W3CHttpResponseCodec.decode(W3CHttpResponseCodec.java:51)
	at org.openqa.selenium.remote.HttpCommandExecutor.execute(HttpCommandExecutor.java:191)
	at org.openqa.selenium.remote.service.DriverCommandExecutor.invokeExecute(DriverCommandExecutor.java:196)
	at org.openqa.selenium.remote.service.DriverCommandExecutor.execute(DriverCommandExecutor.java:171)
	at org.openqa.selenium.remote.RemoteWebDriver.execute(RemoteWebDriver.java:531)
	at org.openqa.selenium.remote.ElementLocation$ElementFinder$2.findElement(ElementLocation.java:165)
	at org.openqa.selenium.remote.ElementLocation.findElement(ElementLocation.java:59)
	at org.openqa.selenium.remote.RemoteWebDriver.findElement(RemoteWebDriver.java:350)
	at org.openqa.selenium.remote.RemoteWebDriver.findElement(RemoteWebDriver.java:344)
	at pageObject.QueuePageObject.user_click_Queue(QueuePageObject.java:115)
	at defenitions.QueuePage.user_clicks_for_options_Queue(QueuePage.java:55)
	at ✽.User clicks for options "Implementation using collections.deque" in Queue page(file:///C:/Manju/SDET/ds-algoproject/src/test/resources/features/Queue.feature:74)
</textarea>
      
      </div>
                  </div>
                  <div class="step pass-bg">
                    <span>defenitions.Hooks.takeScreenshot(io.cucumber.java.Scenario)</span>
      <div>User_clicks_for_options_"Implementation_using_collections.deque"_in_Queue_page
          <div class="row mb-3"><div class="col-md-3">
<img data-featherlight='../Screenshots/embedded19.png' src="../Screenshots/embedded19.png">
    
    </div></div>
</div>
      <div>User_clicks_for_options_"Implementation_using_collections.deque"_in_Queue_page
          <div class="row mb-3"><div class="col-md-3">
<img data-featherlight='../Screenshots/embedded20.png' src="../Screenshots/embedded20.png">
    
    </div></div>
</div>
      <div>
      </div>
                  </div>
                  <div class="step skip-bg">
                    <span>And User clicks on link "Implementation of Queue in Python" in the Queue page</span>
      <div>Step skipped
      </div>
                  </div>
                  <div class="step skip-bg">
                    <span>When User clicks on Try Here button in Queue page</span>
      <div>Step skipped
      </div>
                  </div>
                  <div class="step skip-bg">
                    <span>Then User navigates to a page having TryEditor and Run Button in Queue</span>
      <div>Step skipped
      </div>
                  </div>
                  <div class="step skip-bg">
                    <span>When User gets valid input from "inputs" and 1 to run a tryEditor code in Queue</span>
      <div>Step skipped
      </div>
                  </div>
                  <div class="step skip-bg">
                    <span>Then User is presented with run output in Queue</span>
      <div>Step skipped
      </div>
                  </div>
              </div>
            </div>
            <div class="card-body l1">
              <div class="card-header">
                <div class="card-title outline-child">
                  <div class="node" id="204"><span class="badge log fail-bg mr-2">Fail</span>TryEditor in each links for valid code</div>
                    <div class="status-avatar float-right">
                      <i class="fa fa-paperclip"></i>
                    </div>
                </div>
              </div>
              <div class="card-body mt-3 ">
                  <div class="step pass-bg">
                    <span>Given User is in Queue Page</span>
      <div>
      </div>
                  </div>
                  <div class="step fail-bg">
                    <span>When User clicks for options "Implementation using array" in Queue page</span>
      <div>
        <textarea disabled class="code-block">org.openqa.selenium.NoSuchElementException: no such element: Unable to locate element: {"method":"xpath","selector":"//a[contains(text(),'Implementation using array')]"}
  (Session info: chrome=115.0.5790.171)
For documentation on this error, please visit: https://www.selenium.dev/documentation/webdriver/troubleshooting/errors#no-such-element-exception
Build info: version: '4.10.0', revision: 'c14d967899'
System info: os.name: 'Windows 11', os.arch: 'amd64', os.version: '10.0', java.version: '20.0.1'
Driver info: org.openqa.selenium.chrome.ChromeDriver
Command: [2305ca5fa999ea8c0ccdc0e8729579a3, findElement {using=xpath, value=//a[contains(text(),'Implementation using array')]}]
Capabilities {acceptInsecureCerts: false, browserName: chrome, browserVersion: 115.0.5790.171, chrome: {chromedriverVersion: 115.0.5790.102 (90efd4b0ad6..., userDataDir: C:\Users\rassa\AppData\Loca...}, goog:chromeOptions: {debuggerAddress: localhost:65268}, networkConnectionEnabled: false, pageLoadStrategy: normal, platformName: windows, proxy: Proxy(), se:cdp: ws://localhost:65268/devtoo..., se:cdpVersion: 115.0.5790.171, setWindowRect: true, strictFileInteractability: false, timeouts: {implicit: 0, pageLoad: 300000, script: 30000}, unhandledPromptBehavior: dismiss and notify, webauthn:extension:credBlob: true, webauthn:extension:largeBlob: true, webauthn:extension:minPinLength: true, webauthn:extension:prf: true, webauthn:virtualAuthenticators: true}
Session ID: 2305ca5fa999ea8c0ccdc0e8729579a3
	at java.base/jdk.internal.reflect.DirectConstructorHandleAccessor.newInstance(DirectConstructorHandleAccessor.java:67)
	at java.base/java.lang.reflect.Constructor.newInstanceWithCaller(Constructor.java:500)
	at java.base/java.lang.reflect.Constructor.newInstance(Constructor.java:484)
	at org.openqa.selenium.remote.codec.w3c.W3CHttpResponseCodec.createException(W3CHttpResponseCodec.java:199)
	at org.openqa.selenium.remote.codec.w3c.W3CHttpResponseCodec.decode(W3CHttpResponseCodec.java:132)
	at org.openqa.selenium.remote.codec.w3c.W3CHttpResponseCodec.decode(W3CHttpResponseCodec.java:51)
	at org.openqa.selenium.remote.HttpCommandExecutor.execute(HttpCommandExecutor.java:191)
	at org.openqa.selenium.remote.service.DriverCommandExecutor.invokeExecute(DriverCommandExecutor.java:196)
	at org.openqa.selenium.remote.service.DriverCommandExecutor.execute(DriverCommandExecutor.java:171)
	at org.openqa.selenium.remote.RemoteWebDriver.execute(RemoteWebDriver.java:531)
	at org.openqa.selenium.remote.ElementLocation$ElementFinder$2.findElement(ElementLocation.java:165)
	at org.openqa.selenium.remote.ElementLocation.findElement(ElementLocation.java:59)
	at org.openqa.selenium.remote.RemoteWebDriver.findElement(RemoteWebDriver.java:350)
	at org.openqa.selenium.remote.RemoteWebDriver.findElement(RemoteWebDriver.java:344)
	at pageObject.QueuePageObject.user_click_Queue(QueuePageObject.java:115)
	at defenitions.QueuePage.user_clicks_for_options_Queue(QueuePage.java:55)
	at ✽.User clicks for options "Implementation using array" in Queue page(file:///C:/Manju/SDET/ds-algoproject/src/test/resources/features/Queue.feature:74)
</textarea>
      
      </div>
                  </div>
                  <div class="step pass-bg">
                    <span>defenitions.Hooks.takeScreenshot(io.cucumber.java.Scenario)</span>
      <div>User_clicks_for_options_"Implementation_using_array"_in_Queue_page
          <div class="row mb-3"><div class="col-md-3">
<img data-featherlight='../Screenshots/embedded21.png' src="../Screenshots/embedded21.png">
    
    </div></div>
</div>
      <div>User_clicks_for_options_"Implementation_using_array"_in_Queue_page
          <div class="row mb-3"><div class="col-md-3">
<img data-featherlight='../Screenshots/embedded22.png' src="../Screenshots/embedded22.png">
    
    </div></div>
</div>
      <div>
      </div>
                  </div>
                  <div class="step skip-bg">
                    <span>And User clicks on link "Queue Operations" in the Queue page</span>
      <div>Step skipped
      </div>
                  </div>
                  <div class="step skip-bg">
                    <span>When User clicks on Try Here button in Queue page</span>
      <div>Step skipped
      </div>
                  </div>
                  <div class="step skip-bg">
                    <span>Then User navigates to a page having TryEditor and Run Button in Queue</span>
      <div>Step skipped
      </div>
                  </div>
                  <div class="step skip-bg">
                    <span>When User gets valid input from "inputs" and 1 to run a tryEditor code in Queue</span>
      <div>Step skipped
      </div>
                  </div>
                  <div class="step skip-bg">
                    <span>Then User is presented with run output in Queue</span>
      <div>Step skipped
      </div>
                  </div>
              </div>
            </div>
            <div class="card-body l1">
              <div class="card-header">
                <div class="card-title outline-child">
                  <div class="node" id="221"><span class="badge log fail-bg mr-2">Fail</span>TryEditor in each links for valid code</div>
                    <div class="status-avatar float-right">
                      <i class="fa fa-paperclip"></i>
                    </div>
                </div>
              </div>
              <div class="card-body mt-3 ">
                  <div class="step pass-bg">
                    <span>Given User is in Queue Page</span>
      <div>
      </div>
                  </div>
                  <div class="step fail-bg">
                    <span>When User clicks for options "Queue Operations" in Queue page</span>
      <div>
        <textarea disabled class="code-block">org.openqa.selenium.NoSuchElementException: no such element: Unable to locate element: {"method":"xpath","selector":"//a[contains(text(),'Queue Operations')]"}
  (Session info: chrome=115.0.5790.171)
For documentation on this error, please visit: https://www.selenium.dev/documentation/webdriver/troubleshooting/errors#no-such-element-exception
Build info: version: '4.10.0', revision: 'c14d967899'
System info: os.name: 'Windows 11', os.arch: 'amd64', os.version: '10.0', java.version: '20.0.1'
Driver info: org.openqa.selenium.chrome.ChromeDriver
Command: [686ef0c95018cad4c1575e0ee6f7b589, findElement {using=xpath, value=//a[contains(text(),'Queue Operations')]}]
Capabilities {acceptInsecureCerts: false, browserName: chrome, browserVersion: 115.0.5790.171, chrome: {chromedriverVersion: 115.0.5790.102 (90efd4b0ad6..., userDataDir: C:\Users\rassa\AppData\Loca...}, goog:chromeOptions: {debuggerAddress: localhost:65291}, networkConnectionEnabled: false, pageLoadStrategy: normal, platformName: windows, proxy: Proxy(), se:cdp: ws://localhost:65291/devtoo..., se:cdpVersion: 115.0.5790.171, setWindowRect: true, strictFileInteractability: false, timeouts: {implicit: 0, pageLoad: 300000, script: 30000}, unhandledPromptBehavior: dismiss and notify, webauthn:extension:credBlob: true, webauthn:extension:largeBlob: true, webauthn:extension:minPinLength: true, webauthn:extension:prf: true, webauthn:virtualAuthenticators: true}
Session ID: 686ef0c95018cad4c1575e0ee6f7b589
	at java.base/jdk.internal.reflect.DirectConstructorHandleAccessor.newInstance(DirectConstructorHandleAccessor.java:67)
	at java.base/java.lang.reflect.Constructor.newInstanceWithCaller(Constructor.java:500)
	at java.base/java.lang.reflect.Constructor.newInstance(Constructor.java:484)
	at org.openqa.selenium.remote.codec.w3c.W3CHttpResponseCodec.createException(W3CHttpResponseCodec.java:199)
	at org.openqa.selenium.remote.codec.w3c.W3CHttpResponseCodec.decode(W3CHttpResponseCodec.java:132)
	at org.openqa.selenium.remote.codec.w3c.W3CHttpResponseCodec.decode(W3CHttpResponseCodec.java:51)
	at org.openqa.selenium.remote.HttpCommandExecutor.execute(HttpCommandExecutor.java:191)
	at org.openqa.selenium.remote.service.DriverCommandExecutor.invokeExecute(DriverCommandExecutor.java:196)
	at org.openqa.selenium.remote.service.DriverCommandExecutor.execute(DriverCommandExecutor.java:171)
	at org.openqa.selenium.remote.RemoteWebDriver.execute(RemoteWebDriver.java:531)
	at org.openqa.selenium.remote.ElementLocation$ElementFinder$2.findElement(ElementLocation.java:165)
	at org.openqa.selenium.remote.ElementLocation.findElement(ElementLocation.java:59)
	at org.openqa.selenium.remote.RemoteWebDriver.findElement(RemoteWebDriver.java:350)
	at org.openqa.selenium.remote.RemoteWebDriver.findElement(RemoteWebDriver.java:344)
	at pageObject.QueuePageObject.user_click_Queue(QueuePageObject.java:115)
	at defenitions.QueuePage.user_clicks_for_options_Queue(QueuePage.java:55)
	at ✽.User clicks for options "Queue Operations" in Queue page(file:///C:/Manju/SDET/ds-algoproject/src/test/resources/features/Queue.feature:74)
</textarea>
      
      </div>
                  </div>
                  <div class="step pass-bg">
                    <span>defenitions.Hooks.takeScreenshot(io.cucumber.java.Scenario)</span>
      <div>User_clicks_for_options_"Queue_Operations"_in_Queue_page
          <div class="row mb-3"><div class="col-md-3">
<img data-featherlight='../Screenshots/embedded23.png' src="../Screenshots/embedded23.png">
    
    </div></div>
</div>
      <div>User_clicks_for_options_"Queue_Operations"_in_Queue_page
          <div class="row mb-3"><div class="col-md-3">
<img data-featherlight='../Screenshots/embedded24.png' src="../Screenshots/embedded24.png">
    
    </div></div>
</div>
      <div>
      </div>
                  </div>
                  <div class="step skip-bg">
                    <span>And User clicks on link "Implementation using array" in the Queue page</span>
      <div>Step skipped
      </div>
                  </div>
                  <div class="step skip-bg">
                    <span>When User clicks on Try Here button in Queue page</span>
      <div>Step skipped
      </div>
                  </div>
                  <div class="step skip-bg">
                    <span>Then User navigates to a page having TryEditor and Run Button in Queue</span>
      <div>Step skipped
      </div>
                  </div>
                  <div class="step skip-bg">
                    <span>When User gets valid input from "inputs" and 1 to run a tryEditor code in Queue</span>
      <div>Step skipped
      </div>
                  </div>
                  <div class="step skip-bg">
                    <span>Then User is presented with run output in Queue</span>
      <div>Step skipped
      </div>
                  </div>
              </div>
            </div>
        </div>
  </div>
  <div class="card">
    <div class="card-header" role="tab">
      <div class="card-title">
        <div class="node" id="238"><span class="badge log fail-bg mr-2">Fail</span>TryEditor in each links for invalid code</div>
          <div class="status-avatar float-right mr-4">
            <i class="fa fa-paperclip"></i>
          </div>
      </div>
    </div>
        <div class="scenario_outline ">
            <div class="card-body l1">
              <div class="card-header">
                <div class="card-title outline-child">
                  <div class="node" id="239"><span class="badge log fail-bg mr-2">Fail</span>TryEditor in each links for invalid code</div>
                    <div class="status-avatar float-right">
                      <i class="fa fa-paperclip"></i>
                    </div>
                </div>
              </div>
              <div class="card-body mt-3 ">
                  <div class="step pass-bg">
                    <span>Given User is in Queue Page</span>
      <div>
      </div>
                  </div>
                  <div class="step fail-bg">
                    <span>When User clicks for options "Implementation of Queue in Python" in Queue page</span>
      <div>
        <textarea disabled class="code-block">org.openqa.selenium.NoSuchElementException: no such element: Unable to locate element: {"method":"xpath","selector":"//a[contains(text(),'Implementation of Queue in Python')]"}
  (Session info: chrome=115.0.5790.171)
For documentation on this error, please visit: https://www.selenium.dev/documentation/webdriver/troubleshooting/errors#no-such-element-exception
Build info: version: '4.10.0', revision: 'c14d967899'
System info: os.name: 'Windows 11', os.arch: 'amd64', os.version: '10.0', java.version: '20.0.1'
Driver info: org.openqa.selenium.chrome.ChromeDriver
Command: [68057671576d05c83056beb1f6feddfd, findElement {using=xpath, value=//a[contains(text(),'Implementation of Queue in Python')]}]
Capabilities {acceptInsecureCerts: false, browserName: chrome, browserVersion: 115.0.5790.171, chrome: {chromedriverVersion: 115.0.5790.102 (90efd4b0ad6..., userDataDir: C:\Users\rassa\AppData\Loca...}, goog:chromeOptions: {debuggerAddress: localhost:65314}, networkConnectionEnabled: false, pageLoadStrategy: normal, platformName: windows, proxy: Proxy(), se:cdp: ws://localhost:65314/devtoo..., se:cdpVersion: 115.0.5790.171, setWindowRect: true, strictFileInteractability: false, timeouts: {implicit: 0, pageLoad: 300000, script: 30000}, unhandledPromptBehavior: dismiss and notify, webauthn:extension:credBlob: true, webauthn:extension:largeBlob: true, webauthn:extension:minPinLength: true, webauthn:extension:prf: true, webauthn:virtualAuthenticators: true}
Session ID: 68057671576d05c83056beb1f6feddfd
	at java.base/jdk.internal.reflect.DirectConstructorHandleAccessor.newInstance(DirectConstructorHandleAccessor.java:67)
	at java.base/java.lang.reflect.Constructor.newInstanceWithCaller(Constructor.java:500)
	at java.base/java.lang.reflect.Constructor.newInstance(Constructor.java:484)
	at org.openqa.selenium.remote.codec.w3c.W3CHttpResponseCodec.createException(W3CHttpResponseCodec.java:199)
	at org.openqa.selenium.remote.codec.w3c.W3CHttpResponseCodec.decode(W3CHttpResponseCodec.java:132)
	at org.openqa.selenium.remote.codec.w3c.W3CHttpResponseCodec.decode(W3CHttpResponseCodec.java:51)
	at org.openqa.selenium.remote.HttpCommandExecutor.execute(HttpCommandExecutor.java:191)
	at org.openqa.selenium.remote.service.DriverCommandExecutor.invokeExecute(DriverCommandExecutor.java:196)
	at org.openqa.selenium.remote.service.DriverCommandExecutor.execute(DriverCommandExecutor.java:171)
	at org.openqa.selenium.remote.RemoteWebDriver.execute(RemoteWebDriver.java:531)
	at org.openqa.selenium.remote.ElementLocation$ElementFinder$2.findElement(ElementLocation.java:165)
	at org.openqa.selenium.remote.ElementLocation.findElement(ElementLocation.java:59)
	at org.openqa.selenium.remote.RemoteWebDriver.findElement(RemoteWebDriver.java:350)
	at org.openqa.selenium.remote.RemoteWebDriver.findElement(RemoteWebDriver.java:344)
	at pageObject.QueuePageObject.user_click_Queue(QueuePageObject.java:115)
	at defenitions.QueuePage.user_clicks_for_options_Queue(QueuePage.java:55)
	at ✽.User clicks for options "Implementation of Queue in Python" in Queue page(file:///C:/Manju/SDET/ds-algoproject/src/test/resources/features/Queue.feature:91)
</textarea>
      
      </div>
                  </div>
                  <div class="step pass-bg">
                    <span>defenitions.Hooks.takeScreenshot(io.cucumber.java.Scenario)</span>
      <div>User_clicks_for_options_"Implementation_of_Queue_in_Python"_in_Queue_page
          <div class="row mb-3"><div class="col-md-3">
<img data-featherlight='../Screenshots/embedded25.png' src="../Screenshots/embedded25.png">
    
    </div></div>
</div>
      <div>User_clicks_for_options_"Implementation_of_Queue_in_Python"_in_Queue_page
          <div class="row mb-3"><div class="col-md-3">
<img data-featherlight='../Screenshots/embedded26.png' src="../Screenshots/embedded26.png">
    
    </div></div>
</div>
      <div>
      </div>
                  </div>
                  <div class="step skip-bg">
                    <span>And User clicks on link "Queue Operations" in the Queue page</span>
      <div>Step skipped
      </div>
                  </div>
                  <div class="step skip-bg">
                    <span>When User clicks on Try Here button in Queue page</span>
      <div>Step skipped
      </div>
                  </div>
                  <div class="step skip-bg">
                    <span>Then User navigates to a page having TryEditor and Run Button in Queue</span>
      <div>Step skipped
      </div>
                  </div>
                  <div class="step skip-bg">
                    <span>When User gets invalid input from "inputs" and 2 to run a tryEditor code in Queue</span>
      <div>Step skipped
      </div>
                  </div>
                  <div class="step skip-bg">
                    <span>Then User gets error message in Queue</span>
      <div>Step skipped
      </div>
                  </div>
              </div>
            </div>
            <div class="card-body l1">
              <div class="card-header">
                <div class="card-title outline-child">
                  <div class="node" id="256"><span class="badge log fail-bg mr-2">Fail</span>TryEditor in each links for invalid code</div>
                    <div class="status-avatar float-right">
                      <i class="fa fa-paperclip"></i>
                    </div>
                </div>
              </div>
              <div class="card-body mt-3 ">
                  <div class="step pass-bg">
                    <span>Given User is in Queue Page</span>
      <div>
      </div>
                  </div>
                  <div class="step fail-bg">
                    <span>When User clicks for options "Implementation using collections.deque" in Queue page</span>
      <div>
        <textarea disabled class="code-block">org.openqa.selenium.NoSuchElementException: no such element: Unable to locate element: {"method":"xpath","selector":"//a[contains(text(),'Implementation using collections.deque')]"}
  (Session info: chrome=115.0.5790.171)
For documentation on this error, please visit: https://www.selenium.dev/documentation/webdriver/troubleshooting/errors#no-such-element-exception
Build info: version: '4.10.0', revision: 'c14d967899'
System info: os.name: 'Windows 11', os.arch: 'amd64', os.version: '10.0', java.version: '20.0.1'
Driver info: org.openqa.selenium.chrome.ChromeDriver
Command: [ce7f077c901c0eb768c33aa813c0e685, findElement {using=xpath, value=//a[contains(text(),'Implementation using collections.deque')]}]
Capabilities {acceptInsecureCerts: false, browserName: chrome, browserVersion: 115.0.5790.171, chrome: {chromedriverVersion: 115.0.5790.102 (90efd4b0ad6..., userDataDir: C:\Users\rassa\AppData\Loca...}, goog:chromeOptions: {debuggerAddress: localhost:65337}, networkConnectionEnabled: false, pageLoadStrategy: normal, platformName: windows, proxy: Proxy(), se:cdp: ws://localhost:65337/devtoo..., se:cdpVersion: 115.0.5790.171, setWindowRect: true, strictFileInteractability: false, timeouts: {implicit: 0, pageLoad: 300000, script: 30000}, unhandledPromptBehavior: dismiss and notify, webauthn:extension:credBlob: true, webauthn:extension:largeBlob: true, webauthn:extension:minPinLength: true, webauthn:extension:prf: true, webauthn:virtualAuthenticators: true}
Session ID: ce7f077c901c0eb768c33aa813c0e685
	at java.base/jdk.internal.reflect.DirectConstructorHandleAccessor.newInstance(DirectConstructorHandleAccessor.java:67)
	at java.base/java.lang.reflect.Constructor.newInstanceWithCaller(Constructor.java:500)
	at java.base/java.lang.reflect.Constructor.newInstance(Constructor.java:484)
	at org.openqa.selenium.remote.codec.w3c.W3CHttpResponseCodec.createException(W3CHttpResponseCodec.java:199)
	at org.openqa.selenium.remote.codec.w3c.W3CHttpResponseCodec.decode(W3CHttpResponseCodec.java:132)
	at org.openqa.selenium.remote.codec.w3c.W3CHttpResponseCodec.decode(W3CHttpResponseCodec.java:51)
	at org.openqa.selenium.remote.HttpCommandExecutor.execute(HttpCommandExecutor.java:191)
	at org.openqa.selenium.remote.service.DriverCommandExecutor.invokeExecute(DriverCommandExecutor.java:196)
	at org.openqa.selenium.remote.service.DriverCommandExecutor.execute(DriverCommandExecutor.java:171)
	at org.openqa.selenium.remote.RemoteWebDriver.execute(RemoteWebDriver.java:531)
	at org.openqa.selenium.remote.ElementLocation$ElementFinder$2.findElement(ElementLocation.java:165)
	at org.openqa.selenium.remote.ElementLocation.findElement(ElementLocation.java:59)
	at org.openqa.selenium.remote.RemoteWebDriver.findElement(RemoteWebDriver.java:350)
	at org.openqa.selenium.remote.RemoteWebDriver.findElement(RemoteWebDriver.java:344)
	at pageObject.QueuePageObject.user_click_Queue(QueuePageObject.java:115)
	at defenitions.QueuePage.user_clicks_for_options_Queue(QueuePage.java:55)
	at ✽.User clicks for options "Implementation using collections.deque" in Queue page(file:///C:/Manju/SDET/ds-algoproject/src/test/resources/features/Queue.feature:91)
</textarea>
      
      </div>
                  </div>
                  <div class="step pass-bg">
                    <span>defenitions.Hooks.takeScreenshot(io.cucumber.java.Scenario)</span>
      <div>User_clicks_for_options_"Implementation_using_collections.deque"_in_Queue_page
          <div class="row mb-3"><div class="col-md-3">
<img data-featherlight='../Screenshots/embedded27.png' src="../Screenshots/embedded27.png">
    
    </div></div>
</div>
      <div>User_clicks_for_options_"Implementation_using_collections.deque"_in_Queue_page
          <div class="row mb-3"><div class="col-md-3">
<img data-featherlight='../Screenshots/embedded28.png' src="../Screenshots/embedded28.png">
    
    </div></div>
</div>
      <div>
      </div>
                  </div>
                  <div class="step skip-bg">
                    <span>And User clicks on link "Implementation using array" in the Queue page</span>
      <div>Step skipped
      </div>
                  </div>
                  <div class="step skip-bg">
                    <span>When User clicks on Try Here button in Queue page</span>
      <div>Step skipped
      </div>
                  </div>
                  <div class="step skip-bg">
                    <span>Then User navigates to a page having TryEditor and Run Button in Queue</span>
      <div>Step skipped
      </div>
                  </div>
                  <div class="step skip-bg">
                    <span>When User gets invalid input from "inputs" and 2 to run a tryEditor code in Queue</span>
      <div>Step skipped
      </div>
                  </div>
                  <div class="step skip-bg">
                    <span>Then User gets error message in Queue</span>
      <div>Step skipped
      </div>
                  </div>
              </div>
            </div>
            <div class="card-body l1">
              <div class="card-header">
                <div class="card-title outline-child">
                  <div class="node" id="273"><span class="badge log fail-bg mr-2">Fail</span>TryEditor in each links for invalid code</div>
                    <div class="status-avatar float-right">
                      <i class="fa fa-paperclip"></i>
                    </div>
                </div>
              </div>
              <div class="card-body mt-3 ">
                  <div class="step pass-bg">
                    <span>Given User is in Queue Page</span>
      <div>
      </div>
                  </div>
                  <div class="step fail-bg">
                    <span>When User clicks for options "Implementation using array" in Queue page</span>
      <div>
        <textarea disabled class="code-block">org.openqa.selenium.NoSuchElementException: no such element: Unable to locate element: {"method":"xpath","selector":"//a[contains(text(),'Implementation using array')]"}
  (Session info: chrome=115.0.5790.171)
For documentation on this error, please visit: https://www.selenium.dev/documentation/webdriver/troubleshooting/errors#no-such-element-exception
Build info: version: '4.10.0', revision: 'c14d967899'
System info: os.name: 'Windows 11', os.arch: 'amd64', os.version: '10.0', java.version: '20.0.1'
Driver info: org.openqa.selenium.chrome.ChromeDriver
Command: [c1c9792aea3b7515f45a4665d25f99ce, findElement {using=xpath, value=//a[contains(text(),'Implementation using array')]}]
Capabilities {acceptInsecureCerts: false, browserName: chrome, browserVersion: 115.0.5790.171, chrome: {chromedriverVersion: 115.0.5790.102 (90efd4b0ad6..., userDataDir: C:\Users\rassa\AppData\Loca...}, goog:chromeOptions: {debuggerAddress: localhost:65360}, networkConnectionEnabled: false, pageLoadStrategy: normal, platformName: windows, proxy: Proxy(), se:cdp: ws://localhost:65360/devtoo..., se:cdpVersion: 115.0.5790.171, setWindowRect: true, strictFileInteractability: false, timeouts: {implicit: 0, pageLoad: 300000, script: 30000}, unhandledPromptBehavior: dismiss and notify, webauthn:extension:credBlob: true, webauthn:extension:largeBlob: true, webauthn:extension:minPinLength: true, webauthn:extension:prf: true, webauthn:virtualAuthenticators: true}
Session ID: c1c9792aea3b7515f45a4665d25f99ce
	at java.base/jdk.internal.reflect.DirectConstructorHandleAccessor.newInstance(DirectConstructorHandleAccessor.java:67)
	at java.base/java.lang.reflect.Constructor.newInstanceWithCaller(Constructor.java:500)
	at java.base/java.lang.reflect.Constructor.newInstance(Constructor.java:484)
	at org.openqa.selenium.remote.codec.w3c.W3CHttpResponseCodec.createException(W3CHttpResponseCodec.java:199)
	at org.openqa.selenium.remote.codec.w3c.W3CHttpResponseCodec.decode(W3CHttpResponseCodec.java:132)
	at org.openqa.selenium.remote.codec.w3c.W3CHttpResponseCodec.decode(W3CHttpResponseCodec.java:51)
	at org.openqa.selenium.remote.HttpCommandExecutor.execute(HttpCommandExecutor.java:191)
	at org.openqa.selenium.remote.service.DriverCommandExecutor.invokeExecute(DriverCommandExecutor.java:196)
	at org.openqa.selenium.remote.service.DriverCommandExecutor.execute(DriverCommandExecutor.java:171)
	at org.openqa.selenium.remote.RemoteWebDriver.execute(RemoteWebDriver.java:531)
	at org.openqa.selenium.remote.ElementLocation$ElementFinder$2.findElement(ElementLocation.java:165)
	at org.openqa.selenium.remote.ElementLocation.findElement(ElementLocation.java:59)
	at org.openqa.selenium.remote.RemoteWebDriver.findElement(RemoteWebDriver.java:350)
	at org.openqa.selenium.remote.RemoteWebDriver.findElement(RemoteWebDriver.java:344)
	at pageObject.QueuePageObject.user_click_Queue(QueuePageObject.java:115)
	at defenitions.QueuePage.user_clicks_for_options_Queue(QueuePage.java:55)
	at ✽.User clicks for options "Implementation using array" in Queue page(file:///C:/Manju/SDET/ds-algoproject/src/test/resources/features/Queue.feature:91)
</textarea>
      
      </div>
                  </div>
                  <div class="step pass-bg">
                    <span>defenitions.Hooks.takeScreenshot(io.cucumber.java.Scenario)</span>
      <div>User_clicks_for_options_"Implementation_using_array"_in_Queue_page
          <div class="row mb-3"><div class="col-md-3">
<img data-featherlight='../Screenshots/embedded29.png' src="../Screenshots/embedded29.png">
    
    </div></div>
</div>
      <div>User_clicks_for_options_"Implementation_using_array"_in_Queue_page
          <div class="row mb-3"><div class="col-md-3">
<img data-featherlight='../Screenshots/embedded30.png' src="../Screenshots/embedded30.png">
    
    </div></div>
</div>
      <div>
      </div>
                  </div>
                  <div class="step skip-bg">
                    <span>And User clicks on link "Implementation of Queue in Python" in the Queue page</span>
      <div>Step skipped
      </div>
                  </div>
                  <div class="step skip-bg">
                    <span>When User clicks on Try Here button in Queue page</span>
      <div>Step skipped
      </div>
                  </div>
                  <div class="step skip-bg">
                    <span>Then User navigates to a page having TryEditor and Run Button in Queue</span>
      <div>Step skipped
      </div>
                  </div>
                  <div class="step skip-bg">
                    <span>When User gets invalid input from "inputs" and 2 to run a tryEditor code in Queue</span>
      <div>Step skipped
      </div>
                  </div>
                  <div class="step skip-bg">
                    <span>Then User gets error message in Queue</span>
      <div>Step skipped
      </div>
                  </div>
              </div>
            </div>
            <div class="card-body l1">
              <div class="card-header">
                <div class="card-title outline-child">
                  <div class="node" id="290"><span class="badge log fail-bg mr-2">Fail</span>TryEditor in each links for invalid code</div>
                    <div class="status-avatar float-right">
                      <i class="fa fa-paperclip"></i>
                    </div>
                </div>
              </div>
              <div class="card-body mt-3 ">
                  <div class="step pass-bg">
                    <span>Given User is in Queue Page</span>
      <div>
      </div>
                  </div>
                  <div class="step fail-bg">
                    <span>When User clicks for options "Queue Operations" in Queue page</span>
      <div>
        <textarea disabled class="code-block">org.openqa.selenium.NoSuchElementException: no such element: Unable to locate element: {"method":"xpath","selector":"//a[contains(text(),'Queue Operations')]"}
  (Session info: chrome=115.0.5790.171)
For documentation on this error, please visit: https://www.selenium.dev/documentation/webdriver/troubleshooting/errors#no-such-element-exception
Build info: version: '4.10.0', revision: 'c14d967899'
System info: os.name: 'Windows 11', os.arch: 'amd64', os.version: '10.0', java.version: '20.0.1'
Driver info: org.openqa.selenium.chrome.ChromeDriver
Command: [a808ba91cb21e6a1798b514016005a85, findElement {using=xpath, value=//a[contains(text(),'Queue Operations')]}]
Capabilities {acceptInsecureCerts: false, browserName: chrome, browserVersion: 115.0.5790.171, chrome: {chromedriverVersion: 115.0.5790.102 (90efd4b0ad6..., userDataDir: C:\Users\rassa\AppData\Loca...}, goog:chromeOptions: {debuggerAddress: localhost:65383}, networkConnectionEnabled: false, pageLoadStrategy: normal, platformName: windows, proxy: Proxy(), se:cdp: ws://localhost:65383/devtoo..., se:cdpVersion: 115.0.5790.171, setWindowRect: true, strictFileInteractability: false, timeouts: {implicit: 0, pageLoad: 300000, script: 30000}, unhandledPromptBehavior: dismiss and notify, webauthn:extension:credBlob: true, webauthn:extension:largeBlob: true, webauthn:extension:minPinLength: true, webauthn:extension:prf: true, webauthn:virtualAuthenticators: true}
Session ID: a808ba91cb21e6a1798b514016005a85
	at java.base/jdk.internal.reflect.DirectConstructorHandleAccessor.newInstance(DirectConstructorHandleAccessor.java:67)
	at java.base/java.lang.reflect.Constructor.newInstanceWithCaller(Constructor.java:500)
	at java.base/java.lang.reflect.Constructor.newInstance(Constructor.java:484)
	at org.openqa.selenium.remote.codec.w3c.W3CHttpResponseCodec.createException(W3CHttpResponseCodec.java:199)
	at org.openqa.selenium.remote.codec.w3c.W3CHttpResponseCodec.decode(W3CHttpResponseCodec.java:132)
	at org.openqa.selenium.remote.codec.w3c.W3CHttpResponseCodec.decode(W3CHttpResponseCodec.java:51)
	at org.openqa.selenium.remote.HttpCommandExecutor.execute(HttpCommandExecutor.java:191)
	at org.openqa.selenium.remote.service.DriverCommandExecutor.invokeExecute(DriverCommandExecutor.java:196)
	at org.openqa.selenium.remote.service.DriverCommandExecutor.execute(DriverCommandExecutor.java:171)
	at org.openqa.selenium.remote.RemoteWebDriver.execute(RemoteWebDriver.java:531)
	at org.openqa.selenium.remote.ElementLocation$ElementFinder$2.findElement(ElementLocation.java:165)
	at org.openqa.selenium.remote.ElementLocation.findElement(ElementLocation.java:59)
	at org.openqa.selenium.remote.RemoteWebDriver.findElement(RemoteWebDriver.java:350)
	at org.openqa.selenium.remote.RemoteWebDriver.findElement(RemoteWebDriver.java:344)
	at pageObject.QueuePageObject.user_click_Queue(QueuePageObject.java:115)
	at defenitions.QueuePage.user_clicks_for_options_Queue(QueuePage.java:55)
	at ✽.User clicks for options "Queue Operations" in Queue page(file:///C:/Manju/SDET/ds-algoproject/src/test/resources/features/Queue.feature:91)
</textarea>
      
      </div>
                  </div>
                  <div class="step pass-bg">
                    <span>defenitions.Hooks.takeScreenshot(io.cucumber.java.Scenario)</span>
      <div>User_clicks_for_options_"Queue_Operations"_in_Queue_page
          <div class="row mb-3"><div class="col-md-3">
<img data-featherlight='../Screenshots/embedded31.png' src="../Screenshots/embedded31.png">
    
    </div></div>
</div>
      <div>User_clicks_for_options_"Queue_Operations"_in_Queue_page
          <div class="row mb-3"><div class="col-md-3">
<img data-featherlight='../Screenshots/embedded32.png' src="../Screenshots/embedded32.png">
    
    </div></div>
</div>
      <div>
      </div>
                  </div>
                  <div class="step skip-bg">
                    <span>And User clicks on link "Implementation using collections.deque" in the Queue page</span>
      <div>Step skipped
      </div>
                  </div>
                  <div class="step skip-bg">
                    <span>When User clicks on Try Here button in Queue page</span>
      <div>Step skipped
      </div>
                  </div>
                  <div class="step skip-bg">
                    <span>Then User navigates to a page having TryEditor and Run Button in Queue</span>
      <div>Step skipped
      </div>
                  </div>
                  <div class="step skip-bg">
                    <span>When User gets invalid input from "inputs" and 2 to run a tryEditor code in Queue</span>
      <div>Step skipped
      </div>
                  </div>
                  <div class="step skip-bg">
                    <span>Then User gets error message in Queue</span>
      <div>Step skipped
      </div>
                  </div>
              </div>
            </div>
        </div>
  </div>
  <div class="card">
    <div class="card-header" role="tab">
      <div class="card-title">
        <div class="node" id="307"><span class="badge log fail-bg mr-2">Fail</span>Practice questions validation</div>
          <div class="status-avatar float-right mr-4">
            <i class="fa fa-paperclip"></i>
          </div>
      </div>
    </div>
        <div class="scenario_outline ">
            <div class="card-body l1">
              <div class="card-header">
                <div class="card-title outline-child">
                  <div class="node" id="308"><span class="badge log fail-bg mr-2">Fail</span>Practice questions validation</div>
                    <div class="status-avatar float-right">
                      <i class="fa fa-paperclip"></i>
                    </div>
                </div>
              </div>
              <div class="card-body mt-3 ">
                  <div class="step pass-bg">
                    <span>Given User is in Queue Page</span>
      <div>
      </div>
                  </div>
                  <div class="step fail-bg">
                    <span>When User clicks for options "Implementation of Queue in Python" in Queue page</span>
      <div>
        <textarea disabled class="code-block">org.openqa.selenium.NoSuchElementException: no such element: Unable to locate element: {"method":"xpath","selector":"//a[contains(text(),'Implementation of Queue in Python')]"}
  (Session info: chrome=115.0.5790.171)
For documentation on this error, please visit: https://www.selenium.dev/documentation/webdriver/troubleshooting/errors#no-such-element-exception
Build info: version: '4.10.0', revision: 'c14d967899'
System info: os.name: 'Windows 11', os.arch: 'amd64', os.version: '10.0', java.version: '20.0.1'
Driver info: org.openqa.selenium.chrome.ChromeDriver
Command: [3be1e8c656e5a055eee48ac238a7c5e8, findElement {using=xpath, value=//a[contains(text(),'Implementation of Queue in Python')]}]
Capabilities {acceptInsecureCerts: false, browserName: chrome, browserVersion: 115.0.5790.171, chrome: {chromedriverVersion: 115.0.5790.102 (90efd4b0ad6..., userDataDir: C:\Users\rassa\AppData\Loca...}, goog:chromeOptions: {debuggerAddress: localhost:65407}, networkConnectionEnabled: false, pageLoadStrategy: normal, platformName: windows, proxy: Proxy(), se:cdp: ws://localhost:65407/devtoo..., se:cdpVersion: 115.0.5790.171, setWindowRect: true, strictFileInteractability: false, timeouts: {implicit: 0, pageLoad: 300000, script: 30000}, unhandledPromptBehavior: dismiss and notify, webauthn:extension:credBlob: true, webauthn:extension:largeBlob: true, webauthn:extension:minPinLength: true, webauthn:extension:prf: true, webauthn:virtualAuthenticators: true}
Session ID: 3be1e8c656e5a055eee48ac238a7c5e8
	at java.base/jdk.internal.reflect.DirectConstructorHandleAccessor.newInstance(DirectConstructorHandleAccessor.java:67)
	at java.base/java.lang.reflect.Constructor.newInstanceWithCaller(Constructor.java:500)
	at java.base/java.lang.reflect.Constructor.newInstance(Constructor.java:484)
	at org.openqa.selenium.remote.codec.w3c.W3CHttpResponseCodec.createException(W3CHttpResponseCodec.java:199)
	at org.openqa.selenium.remote.codec.w3c.W3CHttpResponseCodec.decode(W3CHttpResponseCodec.java:132)
	at org.openqa.selenium.remote.codec.w3c.W3CHttpResponseCodec.decode(W3CHttpResponseCodec.java:51)
	at org.openqa.selenium.remote.HttpCommandExecutor.execute(HttpCommandExecutor.java:191)
	at org.openqa.selenium.remote.service.DriverCommandExecutor.invokeExecute(DriverCommandExecutor.java:196)
	at org.openqa.selenium.remote.service.DriverCommandExecutor.execute(DriverCommandExecutor.java:171)
	at org.openqa.selenium.remote.RemoteWebDriver.execute(RemoteWebDriver.java:531)
	at org.openqa.selenium.remote.ElementLocation$ElementFinder$2.findElement(ElementLocation.java:165)
	at org.openqa.selenium.remote.ElementLocation.findElement(ElementLocation.java:59)
	at org.openqa.selenium.remote.RemoteWebDriver.findElement(RemoteWebDriver.java:350)
	at org.openqa.selenium.remote.RemoteWebDriver.findElement(RemoteWebDriver.java:344)
	at pageObject.QueuePageObject.user_click_Queue(QueuePageObject.java:115)
	at defenitions.QueuePage.user_clicks_for_options_Queue(QueuePage.java:55)
	at ✽.User clicks for options "Implementation of Queue in Python" in Queue page(file:///C:/Manju/SDET/ds-algoproject/src/test/resources/features/Queue.feature:109)
</textarea>
      
      </div>
                  </div>
                  <div class="step pass-bg">
                    <span>defenitions.Hooks.takeScreenshot(io.cucumber.java.Scenario)</span>
      <div>User_clicks_for_options_"Implementation_of_Queue_in_Python"_in_Queue_page
          <div class="row mb-3"><div class="col-md-3">
<img data-featherlight='../Screenshots/embedded33.png' src="../Screenshots/embedded33.png">
    
    </div></div>
</div>
      <div>User_clicks_for_options_"Implementation_of_Queue_in_Python"_in_Queue_page
          <div class="row mb-3"><div class="col-md-3">
<img data-featherlight='../Screenshots/embedded34.png' src="../Screenshots/embedded34.png">
    
    </div></div>
</div>
      <div>
      </div>
                  </div>
                  <div class="step skip-bg">
                    <span>And clicks on Practice questions in Queue page</span>
      <div>Step skipped
      </div>
                  </div>
                  <div class="step skip-bg">
                    <span>Then User navigates to Practice questions Page in Queue</span>
      <div>Step skipped
      </div>
                  </div>
              </div>
            </div>
            <div class="card-body l1">
              <div class="card-header">
                <div class="card-title outline-child">
                  <div class="node" id="319"><span class="badge log fail-bg mr-2">Fail</span>Practice questions validation</div>
                    <div class="status-avatar float-right">
                      <i class="fa fa-paperclip"></i>
                    </div>
                </div>
              </div>
              <div class="card-body mt-3 ">
                  <div class="step pass-bg">
                    <span>Given User is in Queue Page</span>
      <div>
      </div>
                  </div>
                  <div class="step fail-bg">
                    <span>When User clicks for options "Implementation using collections.deque" in Queue page</span>
      <div>
        <textarea disabled class="code-block">org.openqa.selenium.NoSuchElementException: no such element: Unable to locate element: {"method":"xpath","selector":"//a[contains(text(),'Implementation using collections.deque')]"}
  (Session info: chrome=115.0.5790.171)
For documentation on this error, please visit: https://www.selenium.dev/documentation/webdriver/troubleshooting/errors#no-such-element-exception
Build info: version: '4.10.0', revision: 'c14d967899'
System info: os.name: 'Windows 11', os.arch: 'amd64', os.version: '10.0', java.version: '20.0.1'
Driver info: org.openqa.selenium.chrome.ChromeDriver
Command: [5586579b3ccc357e773e852e0c1059df, findElement {using=xpath, value=//a[contains(text(),'Implementation using collections.deque')]}]
Capabilities {acceptInsecureCerts: false, browserName: chrome, browserVersion: 115.0.5790.171, chrome: {chromedriverVersion: 115.0.5790.102 (90efd4b0ad6..., userDataDir: C:\Users\rassa\AppData\Loca...}, goog:chromeOptions: {debuggerAddress: localhost:65432}, networkConnectionEnabled: false, pageLoadStrategy: normal, platformName: windows, proxy: Proxy(), se:cdp: ws://localhost:65432/devtoo..., se:cdpVersion: 115.0.5790.171, setWindowRect: true, strictFileInteractability: false, timeouts: {implicit: 0, pageLoad: 300000, script: 30000}, unhandledPromptBehavior: dismiss and notify, webauthn:extension:credBlob: true, webauthn:extension:largeBlob: true, webauthn:extension:minPinLength: true, webauthn:extension:prf: true, webauthn:virtualAuthenticators: true}
Session ID: 5586579b3ccc357e773e852e0c1059df
	at java.base/jdk.internal.reflect.DirectConstructorHandleAccessor.newInstance(DirectConstructorHandleAccessor.java:67)
	at java.base/java.lang.reflect.Constructor.newInstanceWithCaller(Constructor.java:500)
	at java.base/java.lang.reflect.Constructor.newInstance(Constructor.java:484)
	at org.openqa.selenium.remote.codec.w3c.W3CHttpResponseCodec.createException(W3CHttpResponseCodec.java:199)
	at org.openqa.selenium.remote.codec.w3c.W3CHttpResponseCodec.decode(W3CHttpResponseCodec.java:132)
	at org.openqa.selenium.remote.codec.w3c.W3CHttpResponseCodec.decode(W3CHttpResponseCodec.java:51)
	at org.openqa.selenium.remote.HttpCommandExecutor.execute(HttpCommandExecutor.java:191)
	at org.openqa.selenium.remote.service.DriverCommandExecutor.invokeExecute(DriverCommandExecutor.java:196)
	at org.openqa.selenium.remote.service.DriverCommandExecutor.execute(DriverCommandExecutor.java:171)
	at org.openqa.selenium.remote.RemoteWebDriver.execute(RemoteWebDriver.java:531)
	at org.openqa.selenium.remote.ElementLocation$ElementFinder$2.findElement(ElementLocation.java:165)
	at org.openqa.selenium.remote.ElementLocation.findElement(ElementLocation.java:59)
	at org.openqa.selenium.remote.RemoteWebDriver.findElement(RemoteWebDriver.java:350)
	at org.openqa.selenium.remote.RemoteWebDriver.findElement(RemoteWebDriver.java:344)
	at pageObject.QueuePageObject.user_click_Queue(QueuePageObject.java:115)
	at defenitions.QueuePage.user_clicks_for_options_Queue(QueuePage.java:55)
	at ✽.User clicks for options "Implementation using collections.deque" in Queue page(file:///C:/Manju/SDET/ds-algoproject/src/test/resources/features/Queue.feature:109)
</textarea>
      
      </div>
                  </div>
                  <div class="step pass-bg">
                    <span>defenitions.Hooks.takeScreenshot(io.cucumber.java.Scenario)</span>
      <div>User_clicks_for_options_"Implementation_using_collections.deque"_in_Queue_page
          <div class="row mb-3"><div class="col-md-3">
<img data-featherlight='../Screenshots/embedded35.png' src="../Screenshots/embedded35.png">
    
    </div></div>
</div>
      <div>User_clicks_for_options_"Implementation_using_collections.deque"_in_Queue_page
          <div class="row mb-3"><div class="col-md-3">
<img data-featherlight='../Screenshots/embedded36.png' src="../Screenshots/embedded36.png">
    
    </div></div>
</div>
      <div>
      </div>
                  </div>
                  <div class="step skip-bg">
                    <span>And clicks on Practice questions in Queue page</span>
      <div>Step skipped
      </div>
                  </div>
                  <div class="step skip-bg">
                    <span>Then User navigates to Practice questions Page in Queue</span>
      <div>Step skipped
      </div>
                  </div>
              </div>
            </div>
            <div class="card-body l1">
              <div class="card-header">
                <div class="card-title outline-child">
                  <div class="node" id="330"><span class="badge log fail-bg mr-2">Fail</span>Practice questions validation</div>
                    <div class="status-avatar float-right">
                      <i class="fa fa-paperclip"></i>
                    </div>
                </div>
              </div>
              <div class="card-body mt-3 ">
                  <div class="step pass-bg">
                    <span>Given User is in Queue Page</span>
      <div>
      </div>
                  </div>
                  <div class="step fail-bg">
                    <span>When User clicks for options "Implementation using array" in Queue page</span>
      <div>
        <textarea disabled class="code-block">org.openqa.selenium.NoSuchElementException: no such element: Unable to locate element: {"method":"xpath","selector":"//a[contains(text(),'Implementation using array')]"}
  (Session info: chrome=115.0.5790.171)
For documentation on this error, please visit: https://www.selenium.dev/documentation/webdriver/troubleshooting/errors#no-such-element-exception
Build info: version: '4.10.0', revision: 'c14d967899'
System info: os.name: 'Windows 11', os.arch: 'amd64', os.version: '10.0', java.version: '20.0.1'
Driver info: org.openqa.selenium.chrome.ChromeDriver
Command: [0b053c01e51e6d91d80578c417f13172, findElement {using=xpath, value=//a[contains(text(),'Implementation using array')]}]
Capabilities {acceptInsecureCerts: false, browserName: chrome, browserVersion: 115.0.5790.171, chrome: {chromedriverVersion: 115.0.5790.102 (90efd4b0ad6..., userDataDir: C:\Users\rassa\AppData\Loca...}, goog:chromeOptions: {debuggerAddress: localhost:65456}, networkConnectionEnabled: false, pageLoadStrategy: normal, platformName: windows, proxy: Proxy(), se:cdp: ws://localhost:65456/devtoo..., se:cdpVersion: 115.0.5790.171, setWindowRect: true, strictFileInteractability: false, timeouts: {implicit: 0, pageLoad: 300000, script: 30000}, unhandledPromptBehavior: dismiss and notify, webauthn:extension:credBlob: true, webauthn:extension:largeBlob: true, webauthn:extension:minPinLength: true, webauthn:extension:prf: true, webauthn:virtualAuthenticators: true}
Session ID: 0b053c01e51e6d91d80578c417f13172
	at java.base/jdk.internal.reflect.DirectConstructorHandleAccessor.newInstance(DirectConstructorHandleAccessor.java:67)
	at java.base/java.lang.reflect.Constructor.newInstanceWithCaller(Constructor.java:500)
	at java.base/java.lang.reflect.Constructor.newInstance(Constructor.java:484)
	at org.openqa.selenium.remote.codec.w3c.W3CHttpResponseCodec.createException(W3CHttpResponseCodec.java:199)
	at org.openqa.selenium.remote.codec.w3c.W3CHttpResponseCodec.decode(W3CHttpResponseCodec.java:132)
	at org.openqa.selenium.remote.codec.w3c.W3CHttpResponseCodec.decode(W3CHttpResponseCodec.java:51)
	at org.openqa.selenium.remote.HttpCommandExecutor.execute(HttpCommandExecutor.java:191)
	at org.openqa.selenium.remote.service.DriverCommandExecutor.invokeExecute(DriverCommandExecutor.java:196)
	at org.openqa.selenium.remote.service.DriverCommandExecutor.execute(DriverCommandExecutor.java:171)
	at org.openqa.selenium.remote.RemoteWebDriver.execute(RemoteWebDriver.java:531)
	at org.openqa.selenium.remote.ElementLocation$ElementFinder$2.findElement(ElementLocation.java:165)
	at org.openqa.selenium.remote.ElementLocation.findElement(ElementLocation.java:59)
	at org.openqa.selenium.remote.RemoteWebDriver.findElement(RemoteWebDriver.java:350)
	at org.openqa.selenium.remote.RemoteWebDriver.findElement(RemoteWebDriver.java:344)
	at pageObject.QueuePageObject.user_click_Queue(QueuePageObject.java:115)
	at defenitions.QueuePage.user_clicks_for_options_Queue(QueuePage.java:55)
	at ✽.User clicks for options "Implementation using array" in Queue page(file:///C:/Manju/SDET/ds-algoproject/src/test/resources/features/Queue.feature:109)
</textarea>
      
      </div>
                  </div>
                  <div class="step pass-bg">
                    <span>defenitions.Hooks.takeScreenshot(io.cucumber.java.Scenario)</span>
      <div>User_clicks_for_options_"Implementation_using_array"_in_Queue_page
          <div class="row mb-3"><div class="col-md-3">
<img data-featherlight='../Screenshots/embedded37.png' src="../Screenshots/embedded37.png">
    
    </div></div>
</div>
      <div>User_clicks_for_options_"Implementation_using_array"_in_Queue_page
          <div class="row mb-3"><div class="col-md-3">
<img data-featherlight='../Screenshots/embedded38.png' src="../Screenshots/embedded38.png">
    
    </div></div>
</div>
      <div>
      </div>
                  </div>
                  <div class="step skip-bg">
                    <span>And clicks on Practice questions in Queue page</span>
      <div>Step skipped
      </div>
                  </div>
                  <div class="step skip-bg">
                    <span>Then User navigates to Practice questions Page in Queue</span>
      <div>Step skipped
      </div>
                  </div>
              </div>
            </div>
            <div class="card-body l1">
              <div class="card-header">
                <div class="card-title outline-child">
                  <div class="node" id="341"><span class="badge log fail-bg mr-2">Fail</span>Practice questions validation</div>
                    <div class="status-avatar float-right">
                      <i class="fa fa-paperclip"></i>
                    </div>
                </div>
              </div>
              <div class="card-body mt-3 ">
                  <div class="step pass-bg">
                    <span>Given User is in Queue Page</span>
      <div>
      </div>
                  </div>
                  <div class="step fail-bg">
                    <span>When User clicks for options "Queue Operations" in Queue page</span>
      <div>
        <textarea disabled class="code-block">org.openqa.selenium.NoSuchElementException: no such element: Unable to locate element: {"method":"xpath","selector":"//a[contains(text(),'Queue Operations')]"}
  (Session info: chrome=115.0.5790.171)
For documentation on this error, please visit: https://www.selenium.dev/documentation/webdriver/troubleshooting/errors#no-such-element-exception
Build info: version: '4.10.0', revision: 'c14d967899'
System info: os.name: 'Windows 11', os.arch: 'amd64', os.version: '10.0', java.version: '20.0.1'
Driver info: org.openqa.selenium.chrome.ChromeDriver
Command: [a8d9f4cbeb6f88b895647d6c57b13c26, findElement {using=xpath, value=//a[contains(text(),'Queue Operations')]}]
Capabilities {acceptInsecureCerts: false, browserName: chrome, browserVersion: 115.0.5790.171, chrome: {chromedriverVersion: 115.0.5790.102 (90efd4b0ad6..., userDataDir: C:\Users\rassa\AppData\Loca...}, goog:chromeOptions: {debuggerAddress: localhost:65478}, networkConnectionEnabled: false, pageLoadStrategy: normal, platformName: windows, proxy: Proxy(), se:cdp: ws://localhost:65478/devtoo..., se:cdpVersion: 115.0.5790.171, setWindowRect: true, strictFileInteractability: false, timeouts: {implicit: 0, pageLoad: 300000, script: 30000}, unhandledPromptBehavior: dismiss and notify, webauthn:extension:credBlob: true, webauthn:extension:largeBlob: true, webauthn:extension:minPinLength: true, webauthn:extension:prf: true, webauthn:virtualAuthenticators: true}
Session ID: a8d9f4cbeb6f88b895647d6c57b13c26
	at java.base/jdk.internal.reflect.DirectConstructorHandleAccessor.newInstance(DirectConstructorHandleAccessor.java:67)
	at java.base/java.lang.reflect.Constructor.newInstanceWithCaller(Constructor.java:500)
	at java.base/java.lang.reflect.Constructor.newInstance(Constructor.java:484)
	at org.openqa.selenium.remote.codec.w3c.W3CHttpResponseCodec.createException(W3CHttpResponseCodec.java:199)
	at org.openqa.selenium.remote.codec.w3c.W3CHttpResponseCodec.decode(W3CHttpResponseCodec.java:132)
	at org.openqa.selenium.remote.codec.w3c.W3CHttpResponseCodec.decode(W3CHttpResponseCodec.java:51)
	at org.openqa.selenium.remote.HttpCommandExecutor.execute(HttpCommandExecutor.java:191)
	at org.openqa.selenium.remote.service.DriverCommandExecutor.invokeExecute(DriverCommandExecutor.java:196)
	at org.openqa.selenium.remote.service.DriverCommandExecutor.execute(DriverCommandExecutor.java:171)
	at org.openqa.selenium.remote.RemoteWebDriver.execute(RemoteWebDriver.java:531)
	at org.openqa.selenium.remote.ElementLocation$ElementFinder$2.findElement(ElementLocation.java:165)
	at org.openqa.selenium.remote.ElementLocation.findElement(ElementLocation.java:59)
	at org.openqa.selenium.remote.RemoteWebDriver.findElement(RemoteWebDriver.java:350)
	at org.openqa.selenium.remote.RemoteWebDriver.findElement(RemoteWebDriver.java:344)
	at pageObject.QueuePageObject.user_click_Queue(QueuePageObject.java:115)
	at defenitions.QueuePage.user_clicks_for_options_Queue(QueuePage.java:55)
	at ✽.User clicks for options "Queue Operations" in Queue page(file:///C:/Manju/SDET/ds-algoproject/src/test/resources/features/Queue.feature:109)
</textarea>
      
      </div>
                  </div>
                  <div class="step pass-bg">
                    <span>defenitions.Hooks.takeScreenshot(io.cucumber.java.Scenario)</span>
      <div>User_clicks_for_options_"Queue_Operations"_in_Queue_page
          <div class="row mb-3"><div class="col-md-3">
<img data-featherlight='../Screenshots/embedded39.png' src="../Screenshots/embedded39.png">
    
    </div></div>
</div>
      <div>User_clicks_for_options_"Queue_Operations"_in_Queue_page
          <div class="row mb-3"><div class="col-md-3">
<img data-featherlight='../Screenshots/embedded40.png' src="../Screenshots/embedded40.png">
    
    </div></div>
</div>
      <div>
      </div>
                  </div>
                  <div class="step skip-bg">
                    <span>And clicks on Practice questions in Queue page</span>
      <div>Step skipped
      </div>
                  </div>
                  <div class="step skip-bg">
                    <span>Then User navigates to Practice questions Page in Queue</span>
      <div>Step skipped
      </div>
                  </div>
              </div>
            </div>
        </div>
  </div>
</div>
          </div>
        </li>
      </ul>
    </div>
  </div>
<div class="test-content scrollable">
<div class="test-content-tools">
<ul><li><a class="back-to-test" href="#"><i class="fa fa-arrow-left"></i></a></li></ul>
</div>
<div class="test-content-detail"><div class="detail-body"></div></div>
</div></div>
<div class="test-wrapper row view exception-view attributes-view">
<div class="test-list">
<div class="test-list-tools">
<ul class="tools pull-left"><li><a href=""><span class="font-size-14">Exception</span></a></li></ul>
<ul class="tools text-right"><li><a href="#"><span class="badge badge-primary">1</span></a></li></ul>
</div>
<div class="test-list-wrapper scrollable">
<ul class="test-list-item">
<li class="test-item">
<div class="test-detail">
<span class="meta">
<span class='badge log badge-danger'>20</span>
</span>
<p class="name">org.openqa.selenium.NoSuchElementException</p>
<p class="duration text-sm">20 tests</p>
</div>
<div class="test-contents d-none">
<div class="info">
<h4>org.openqa.selenium.NoSuchElementException</h4>
<span status="fail" class='badge log badge-danger'>20 failed</span>
</div>
<table class='table table-sm mt-4'>
<thead>
<tr>
<th class="status-col">Status</th>
<th class="timestamp-col">Timestamp</th>
<th>TestName</th>
</tr>
</thead>
<tbody>
<tr class="tag-test-status" status="fail">
<td><span class="badge log fail-bg">Fail</span></td>
<td>16:21:19 PM</td>
<td>
<a href="#" class="linked" test-id='1' id='20'>When User clicks for options "Implementation of Queue in Python" in Queue page</a>
<div class="">
<span class="badge badge-default">Feature for Queue Validation.TryEditor verification in each page for valid code.When User clicks for options "Implementation of Queue in Python" in Queue page</span>
</div>
</td>
</tr>
<tr class="tag-test-status" status="fail">
<td><span class="badge log fail-bg">Fail</span></td>
<td>16:21:22 PM</td>
<td>
<a href="#" class="linked" test-id='1' id='39'>When User clicks for options "Implementation using collections.deque" in Queue page</a>
<div class="">
<span class="badge badge-default">Feature for Queue Validation.TryEditor verification in each page for valid code.When User clicks for options "Implementation using collections.deque" in Queue page</span>
</div>
</td>
</tr>
<tr class="tag-test-status" status="fail">
<td><span class="badge log fail-bg">Fail</span></td>
<td>16:21:24 PM</td>
<td>
<a href="#" class="linked" test-id='1' id='58'>When User clicks for options "Implementation using array" in Queue page</a>
<div class="">
<span class="badge badge-default">Feature for Queue Validation.TryEditor verification in each page for valid code.When User clicks for options "Implementation using array" in Queue page</span>
</div>
</td>
</tr>
<tr class="tag-test-status" status="fail">
<td><span class="badge log fail-bg">Fail</span></td>
<td>16:21:27 PM</td>
<td>
<a href="#" class="linked" test-id='1' id='77'>When User clicks for options "Queue Operations" in Queue page</a>
<div class="">
<span class="badge badge-default">Feature for Queue Validation.TryEditor verification in each page for valid code.When User clicks for options "Queue Operations" in Queue page</span>
</div>
</td>
</tr>
<tr class="tag-test-status" status="fail">
<td><span class="badge log fail-bg">Fail</span></td>
<td>16:21:29 PM</td>
<td>
<a href="#" class="linked" test-id='1' id='97'>When User clicks for options "Implementation of Queue in Python" in Queue page</a>
<div class="">
<span class="badge badge-default">Feature for Queue Validation.TryEditor verification in each page for invalid code.When User clicks for options "Implementation of Queue in Python" in Queue page</span>
</div>
</td>
</tr>
<tr class="tag-test-status" status="fail">
<td><span class="badge log fail-bg">Fail</span></td>
<td>16:21:32 PM</td>
<td>
<a href="#" class="linked" test-id='1' id='116'>When User clicks for options "Implementation using collections.deque" in Queue page</a>
<div class="">
<span class="badge badge-default">Feature for Queue Validation.TryEditor verification in each page for invalid code.When User clicks for options "Implementation using collections.deque" in Queue page</span>
</div>
</td>
</tr>
<tr class="tag-test-status" status="fail">
<td><span class="badge log fail-bg">Fail</span></td>
<td>16:21:34 PM</td>
<td>
<a href="#" class="linked" test-id='1' id='135'>When User clicks for options "Implementation using array" in Queue page</a>
<div class="">
<span class="badge badge-default">Feature for Queue Validation.TryEditor verification in each page for invalid code.When User clicks for options "Implementation using array" in Queue page</span>
</div>
</td>
</tr>
<tr class="tag-test-status" status="fail">
<td><span class="badge log fail-bg">Fail</span></td>
<td>16:21:37 PM</td>
<td>
<a href="#" class="linked" test-id='1' id='154'>When User clicks for options "Queue Operations" in Queue page</a>
<div class="">
<span class="badge badge-default">Feature for Queue Validation.TryEditor verification in each page for invalid code.When User clicks for options "Queue Operations" in Queue page</span>
</div>
</td>
</tr>
<tr class="tag-test-status" status="fail">
<td><span class="badge log fail-bg">Fail</span></td>
<td>16:21:39 PM</td>
<td>
<a href="#" class="linked" test-id='1' id='174'>When User clicks for options "Implementation of Queue in Python" in Queue page</a>
<div class="">
<span class="badge badge-default">Feature for Queue Validation.TryEditor in each links for valid code.When User clicks for options "Implementation of Queue in Python" in Queue page</span>
</div>
</td>
</tr>
<tr class="tag-test-status" status="fail">
<td><span class="badge log fail-bg">Fail</span></td>
<td>16:21:42 PM</td>
<td>
<a href="#" class="linked" test-id='1' id='191'>When User clicks for options "Implementation using collections.deque" in Queue page</a>
<div class="">
<span class="badge badge-default">Feature for Queue Validation.TryEditor in each links for valid code.When User clicks for options "Implementation using collections.deque" in Queue page</span>
</div>
</td>
</tr>
<tr class="tag-test-status" status="fail">
<td><span class="badge log fail-bg">Fail</span></td>
<td>16:21:44 PM</td>
<td>
<a href="#" class="linked" test-id='1' id='208'>When User clicks for options "Implementation using array" in Queue page</a>
<div class="">
<span class="badge badge-default">Feature for Queue Validation.TryEditor in each links for valid code.When User clicks for options "Implementation using array" in Queue page</span>
</div>
</td>
</tr>
<tr class="tag-test-status" status="fail">
<td><span class="badge log fail-bg">Fail</span></td>
<td>16:21:46 PM</td>
<td>
<a href="#" class="linked" test-id='1' id='225'>When User clicks for options "Queue Operations" in Queue page</a>
<div class="">
<span class="badge badge-default">Feature for Queue Validation.TryEditor in each links for valid code.When User clicks for options "Queue Operations" in Queue page</span>
</div>
</td>
</tr>
<tr class="tag-test-status" status="fail">
<td><span class="badge log fail-bg">Fail</span></td>
<td>16:21:49 PM</td>
<td>
<a href="#" class="linked" test-id='1' id='243'>When User clicks for options "Implementation of Queue in Python" in Queue page</a>
<div class="">
<span class="badge badge-default">Feature for Queue Validation.TryEditor in each links for invalid code.When User clicks for options "Implementation of Queue in Python" in Queue page</span>
</div>
</td>
</tr>
<tr class="tag-test-status" status="fail">
<td><span class="badge log fail-bg">Fail</span></td>
<td>16:21:52 PM</td>
<td>
<a href="#" class="linked" test-id='1' id='260'>When User clicks for options "Implementation using collections.deque" in Queue page</a>
<div class="">
<span class="badge badge-default">Feature for Queue Validation.TryEditor in each links for invalid code.When User clicks for options "Implementation using collections.deque" in Queue page</span>
</div>
</td>
</tr>
<tr class="tag-test-status" status="fail">
<td><span class="badge log fail-bg">Fail</span></td>
<td>16:21:54 PM</td>
<td>
<a href="#" class="linked" test-id='1' id='277'>When User clicks for options "Implementation using array" in Queue page</a>
<div class="">
<span class="badge badge-default">Feature for Queue Validation.TryEditor in each links for invalid code.When User clicks for options "Implementation using array" in Queue page</span>
</div>
</td>
</tr>
<tr class="tag-test-status" status="fail">
<td><span class="badge log fail-bg">Fail</span></td>
<td>16:21:56 PM</td>
<td>
<a href="#" class="linked" test-id='1' id='294'>When User clicks for options "Queue Operations" in Queue page</a>
<div class="">
<span class="badge badge-default">Feature for Queue Validation.TryEditor in each links for invalid code.When User clicks for options "Queue Operations" in Queue page</span>
</div>
</td>
</tr>
<tr class="tag-test-status" status="fail">
<td><span class="badge log fail-bg">Fail</span></td>
<td>16:21:59 PM</td>
<td>
<a href="#" class="linked" test-id='1' id='312'>When User clicks for options "Implementation of Queue in Python" in Queue page</a>
<div class="">
<span class="badge badge-default">Feature for Queue Validation.Practice questions validation.When User clicks for options "Implementation of Queue in Python" in Queue page</span>
</div>
</td>
</tr>
<tr class="tag-test-status" status="fail">
<td><span class="badge log fail-bg">Fail</span></td>
<td>16:22:01 PM</td>
<td>
<a href="#" class="linked" test-id='1' id='323'>When User clicks for options "Implementation using collections.deque" in Queue page</a>
<div class="">
<span class="badge badge-default">Feature for Queue Validation.Practice questions validation.When User clicks for options "Implementation using collections.deque" in Queue page</span>
</div>
</td>
</tr>
<tr class="tag-test-status" status="fail">
<td><span class="badge log fail-bg">Fail</span></td>
<td>16:22:04 PM</td>
<td>
<a href="#" class="linked" test-id='1' id='334'>When User clicks for options "Implementation using array" in Queue page</a>
<div class="">
<span class="badge badge-default">Feature for Queue Validation.Practice questions validation.When User clicks for options "Implementation using array" in Queue page</span>
</div>
</td>
</tr>
<tr class="tag-test-status" status="fail">
<td><span class="badge log fail-bg">Fail</span></td>
<td>16:22:06 PM</td>
<td>
<a href="#" class="linked" test-id='1' id='345'>When User clicks for options "Queue Operations" in Queue page</a>
<div class="">
<span class="badge badge-default">Feature for Queue Validation.Practice questions validation.When User clicks for options "Queue Operations" in Queue page</span>
</div>
</td>
</tr>
</tbody>
</table>
</div>
</li>
</ul>
</div>
</div>
<div class="test-content scrollable">
<div class="test-content-detail">
<div class="detail-body"></div>
</div>
</div>
</div><div class="container-fluid p-4 view dashboard-view">
<div class="row">
<div class="col-md-3">
<div class="card"><div class="card-body">
<p class="m-b-0">Started</p>
<h3>Aug 21, 2023 04:21:11 PM</h3>
</div></div>
</div>
<div class="col-md-3">
<div class="card"><div class="card-body">
<p class="m-b-0">Ended</p>
<h3>Aug 21, 2023 04:22:07 PM</h3>
</div></div>
</div>
<div class="col-md-3">
<div class="card"><div class="card-body">
<p class="m-b-0 text-pass">Features Passed</p>
<h3>0</h3>
</div></div>
</div>
<div class="col-md-3">
<div class="card"><div class="card-body">
<p class="m-b-0 text-fail">Features Failed</p>
<h3>1</h3>
</div></div>
</div>
</div>
<div class="row">
<div class="col-md-4">
<div class="card">
<div class="card-header">
<h6 class="card-title">Features</h6>
</div>
<div class="card-body">
<div class="">
<canvas id='parent-analysis' width='115' height='90'></canvas>
</div>
</div>
<div class="card-footer">
<div><small data-tooltip='0%'>
<b>0</b> features passed
</small>
</div>
<div>
<small data-tooltip='100%'><b>1</b> features failed,
<b>0</b> skipped, <b data-tooltip='0%'>0</b> others
</small>
</div>
</div>
</div>
</div>
<div class="col-md-4">
<div class="card">
<div class="card-header">
<h6 class="card-title">Scenarios</h6>
</div>
<div class="card-body">
<div class="">
<canvas id='child-analysis' width='115' height='90'></canvas>
</div>
</div>
<div class="card-footer">
<div><small data-tooltip='4%'><b>1</b> scenarios passed</small></div>
<div>
<small data-tooltip='95%'><b>20</b> scenarios failed,
<b>0</b> skipped, <b data-tooltip='%'>0</b> others
</small>
</div>
</div>
</div>
</div>
<div class="col-md-4">
<div class="card">
<div class="card-header">
<h6 class="card-title">Steps</h6>
</div>
<div class="card-body">
<div class="">
<canvas id='grandchild-analysis' width='115' height='90'></canvas>
</div>
</div>
<div class="card-footer">
<div><small data-tooltip='27%'><b>45</b> steps passed</small></div>
<div>
<small data-tooltip='12%'><b>20</b> steps failed,
<b>96</b> skipped, <b data-tooltip='%'>0</b> others
</small>
</div>
</div>
</div>
</div>
</div>
<div class="row"><div class="col-md-12">
<div class="card"><div class="card-header"><p>Timeline</p></div>
<div class="card-body pt-0"><div>
<canvas id="timeline" height="120"></canvas>
</div></div>
</div>
</div></div>
<script>
var timeline = {
"Feature for Queue Validation":54.301
};
</script>
<div class="row">
</div>
</div>
<script>
var statusGroup = {
parentCount: 5,
passParent: 0,
failParent: 1,
warningParent: 0,
skipParent: 0,
childCount: 5,
passChild: 1,
failChild: 20,
warningChild: 0,
skipChild: 0,
infoChild: 0,
grandChildCount: 5,
passGrandChild: 45,
failGrandChild: 20,
warningGrandChild: 0,
skipGrandChild: 96,
infoGrandChild: 0,
eventsCount: 5,
};
</script>        </div>
      </div>
    </div>
  </div>
<script src="https://cdn.jsdelivr.net/gh/extent-framework/extent-github-cdn@d6562a79075e061305ccfdb82f01e5e195e2d307/spark/js/spark-script.js"></script>
<script type="text/javascript"></script></body>
</html>